00:00:27,913 - [8] - INFO  - Game.Server.GameServer - Begin ping check....
00:00:27,913 - [8] - INFO  - Game.Server.GameServer - End ping check....
00:00:27,913 - [8] - INFO  - Game.Server.GameServer - Begin ping center check....
00:00:27,913 - [8] - INFO  - Game.Server.GameServer - End ping center check....
00:00:30,149 - [9] - INFO  - Game.Server.GameServer - Buff Scaning ...
00:00:30,149 - [9] - INFO  - Game.Server.GameServer - Buff Scan complete!
00:00:30,149 - [9] - INFO  - Game.Server.GameServer - Buff all 0 players in 0ms
00:01:30,167 - [8] - INFO  - Game.Server.GameServer - Buff Scaning ...
00:01:30,167 - [8] - INFO  - Game.Server.GameServer - Buff Scan complete!
00:01:30,167 - [8] - INFO  - Game.Server.GameServer - Buff all 0 players in 0ms
00:02:30,178 - [9] - INFO  - Game.Server.GameServer - Buff Scaning ...
00:02:30,178 - [9] - INFO  - Game.Server.GameServer - Buff Scan complete!
00:02:30,178 - [9] - INFO  - Game.Server.GameServer - Buff all 0 players in 0ms
00:03:27,925 - [8] - INFO  - Game.Server.GameServer - Begin ping check....
00:03:27,925 - [8] - INFO  - Game.Server.GameServer - End ping check....
00:03:27,925 - [8] - INFO  - Game.Server.GameServer - Begin ping center check....
00:03:27,925 - [8] - INFO  - Game.Server.GameServer - End ping center check....
00:03:30,176 - [8] - INFO  - Game.Server.GameServer - Buff Scaning ...
00:03:30,176 - [8] - INFO  - Game.Server.GameServer - Buff Scan complete!
00:03:30,176 - [8] - INFO  - Game.Server.GameServer - Buff all 0 players in 0ms
00:04:27,591 - [9] - INFO  - Game.Server.GameServer - Saving Record...
00:04:27,591 - [9] - INFO  - Game.Server.GameServer - Saving Record complete!
00:04:30,186 - [9] - INFO  - Game.Server.GameServer - Buff Scaning ...
00:04:30,186 - [9] - INFO  - Game.Server.GameServer - Buff Scan complete!
00:04:30,186 - [9] - INFO  - Game.Server.GameServer - Buff all 0 players in 0ms
00:05:30,204 - [9] - INFO  - Game.Server.GameServer - Buff Scaning ...
00:05:30,204 - [9] - INFO  - Game.Server.GameServer - Buff Scan complete!
00:05:30,204 - [9] - INFO  - Game.Server.GameServer - Buff all 0 players in 0ms
00:06:27,942 - [8] - INFO  - Game.Server.GameServer - Begin ping check....
00:06:27,942 - [8] - INFO  - Game.Server.GameServer - End ping check....
00:06:27,942 - [8] - INFO  - Game.Server.GameServer - Begin ping center check....
00:06:27,942 - [8] - INFO  - Game.Server.GameServer - End ping center check....
00:06:30,192 - [9] - INFO  - Game.Server.GameServer - Buff Scaning ...
00:06:30,192 - [9] - INFO  - Game.Server.GameServer - Buff Scan complete!
00:06:30,192 - [9] - INFO  - Game.Server.GameServer - Buff all 0 players in 0ms
00:07:30,207 - [8] - INFO  - Game.Server.GameServer - Buff Scaning ...
00:07:30,207 - [8] - INFO  - Game.Server.GameServer - Buff Scan complete!
00:07:30,207 - [8] - INFO  - Game.Server.GameServer - Buff all 0 players in 0ms
00:08:30,222 - [8] - INFO  - Game.Server.GameServer - Buff Scaning ...
00:08:30,222 - [8] - INFO  - Game.Server.GameServer - Buff Scan complete!
00:08:30,222 - [8] - INFO  - Game.Server.GameServer - Buff all 0 players in 0ms
00:09:27,310 - [9] - INFO  - Game.Server.GameServer - Saving database...
00:09:27,310 - [9] - INFO  - Game.Server.GameServer - Saving database complete!
00:09:27,310 - [9] - INFO  - Game.Server.GameServer - Saved all databases and 0 players in 0ms
00:09:27,595 - [8] - INFO  - Game.Server.GameServer - Saving Record...
00:09:27,596 - [8] - INFO  - Game.Server.GameServer - Saving Record complete!
00:09:27,964 - [8] - INFO  - Game.Server.GameServer - Begin ping check....
00:09:27,964 - [8] - INFO  - Game.Server.GameServer - End ping check....
00:09:27,964 - [8] - INFO  - Game.Server.GameServer - Begin ping center check....
00:09:27,964 - [8] - INFO  - Game.Server.GameServer - End ping center check....
00:09:30,247 - [8] - INFO  - Game.Server.GameServer - Buff Scaning ...
00:09:30,247 - [8] - INFO  - Game.Server.GameServer - Buff Scan complete!
00:09:30,247 - [8] - INFO  - Game.Server.GameServer - Buff all 0 players in 0ms
00:10:30,246 - [8] - INFO  - Game.Server.GameServer - Buff Scaning ...
00:10:30,246 - [8] - INFO  - Game.Server.GameServer - Buff Scan complete!
00:10:30,246 - [8] - INFO  - Game.Server.GameServer - Buff all 0 players in 0ms
00:11:30,251 - [9] - INFO  - Game.Server.GameServer - Buff Scaning ...
00:11:30,251 - [9] - INFO  - Game.Server.GameServer - Buff Scan complete!
00:11:30,251 - [9] - INFO  - Game.Server.GameServer - Buff all 0 players in 0ms
00:12:27,978 - [8] - INFO  - Game.Server.GameServer - Begin ping check....
00:12:27,978 - [8] - INFO  - Game.Server.GameServer - End ping check....
00:12:27,978 - [8] - INFO  - Game.Server.GameServer - Begin ping center check....
00:12:27,978 - [8] - INFO  - Game.Server.GameServer - End ping center check....
00:12:30,252 - [8] - INFO  - Game.Server.GameServer - Buff Scaning ...
00:12:30,252 - [8] - INFO  - Game.Server.GameServer - Buff Scan complete!
00:12:30,252 - [8] - INFO  - Game.Server.GameServer - Buff all 0 players in 0ms
00:13:30,251 - [8] - INFO  - Game.Server.GameServer - Buff Scaning ...
00:13:30,251 - [8] - INFO  - Game.Server.GameServer - Buff Scan complete!
00:13:30,251 - [8] - INFO  - Game.Server.GameServer - Buff all 0 players in 0ms
00:14:27,604 - [9] - INFO  - Game.Server.GameServer - Saving Record...
00:14:27,604 - [9] - INFO  - Game.Server.GameServer - Saving Record complete!
00:14:30,254 - [9] - INFO  - Game.Server.GameServer - Buff Scaning ...
00:14:30,254 - [9] - INFO  - Game.Server.GameServer - Buff Scan complete!
00:14:30,254 - [9] - INFO  - Game.Server.GameServer - Buff all 0 players in 0ms
00:15:27,997 - [8] - INFO  - Game.Server.GameServer - Begin ping check....
00:15:27,997 - [8] - INFO  - Game.Server.GameServer - End ping check....
00:15:27,997 - [8] - INFO  - Game.Server.GameServer - Begin ping center check....
00:15:27,997 - [8] - INFO  - Game.Server.GameServer - End ping center check....
00:15:30,266 - [9] - INFO  - Game.Server.GameServer - Buff Scaning ...
00:15:30,266 - [9] - INFO  - Game.Server.GameServer - Buff Scan complete!
00:15:30,266 - [9] - INFO  - Game.Server.GameServer - Buff all 0 players in 0ms
00:16:30,267 - [8] - INFO  - Game.Server.GameServer - Buff Scaning ...
00:16:30,267 - [8] - INFO  - Game.Server.GameServer - Buff Scan complete!
00:16:30,267 - [8] - INFO  - Game.Server.GameServer - Buff all 0 players in 0ms
00:17:30,267 - [9] - INFO  - Game.Server.GameServer - Buff Scaning ...
00:17:30,267 - [9] - INFO  - Game.Server.GameServer - Buff Scan complete!
00:17:30,267 - [9] - INFO  - Game.Server.GameServer - Buff all 0 players in 0ms
00:18:27,999 - [9] - INFO  - Game.Server.GameServer - Begin ping check....
00:18:27,999 - [9] - INFO  - Game.Server.GameServer - End ping check....
00:18:27,999 - [9] - INFO  - Game.Server.GameServer - Begin ping center check....
00:18:27,999 - [9] - INFO  - Game.Server.GameServer - End ping center check....
00:18:30,267 - [9] - INFO  - Game.Server.GameServer - Buff Scaning ...
00:18:30,267 - [9] - INFO  - Game.Server.GameServer - Buff Scan complete!
00:18:30,267 - [9] - INFO  - Game.Server.GameServer - Buff all 0 players in 0ms
00:19:27,312 - [9] - INFO  - Game.Server.GameServer - Saving database...
00:19:27,312 - [9] - INFO  - Game.Server.GameServer - Saving database complete!
00:19:27,312 - [9] - INFO  - Game.Server.GameServer - Saved all databases and 0 players in 0ms
00:19:27,624 - [8] - INFO  - Game.Server.GameServer - Saving Record...
00:19:27,624 - [8] - INFO  - Game.Server.GameServer - Saving Record complete!
00:19:30,263 - [8] - INFO  - Game.Server.GameServer - Buff Scaning ...
00:19:30,263 - [8] - INFO  - Game.Server.GameServer - Buff Scan complete!
00:19:30,263 - [8] - INFO  - Game.Server.GameServer - Buff all 0 players in 0ms
00:20:30,268 - [9] - INFO  - Game.Server.GameServer - Buff Scaning ...
00:20:30,268 - [9] - INFO  - Game.Server.GameServer - Buff Scan complete!
00:20:30,268 - [9] - INFO  - Game.Server.GameServer - Buff all 0 players in 0ms
00:21:28,002 - [9] - INFO  - Game.Server.GameServer - Begin ping check....
00:21:28,002 - [9] - INFO  - Game.Server.GameServer - End ping check....
00:21:28,002 - [9] - INFO  - Game.Server.GameServer - Begin ping center check....
00:21:28,002 - [9] - INFO  - Game.Server.GameServer - End ping center check....
00:21:30,275 - [8] - INFO  - Game.Server.GameServer - Buff Scaning ...
00:21:30,275 - [8] - INFO  - Game.Server.GameServer - Buff Scan complete!
00:21:30,275 - [8] - INFO  - Game.Server.GameServer - Buff all 0 players in 0ms
00:22:30,290 - [8] - INFO  - Game.Server.GameServer - Buff Scaning ...
00:22:30,290 - [8] - INFO  - Game.Server.GameServer - Buff Scan complete!
00:22:30,290 - [8] - INFO  - Game.Server.GameServer - Buff all 0 players in 0ms
00:23:30,301 - [9] - INFO  - Game.Server.GameServer - Buff Scaning ...
00:23:30,301 - [9] - INFO  - Game.Server.GameServer - Buff Scan complete!
00:23:30,301 - [9] - INFO  - Game.Server.GameServer - Buff all 0 players in 0ms
00:24:27,626 - [8] - INFO  - Game.Server.GameServer - Saving Record...
00:24:27,626 - [8] - INFO  - Game.Server.GameServer - Saving Record complete!
00:24:28,032 - [9] - INFO  - Game.Server.GameServer - Begin ping check....
00:24:28,032 - [9] - INFO  - Game.Server.GameServer - End ping check....
00:24:28,032 - [9] - INFO  - Game.Server.GameServer - Begin ping center check....
00:24:28,032 - [9] - INFO  - Game.Server.GameServer - End ping center check....
00:24:30,317 - [8] - INFO  - Game.Server.GameServer - Buff Scaning ...
00:24:30,317 - [8] - INFO  - Game.Server.GameServer - Buff Scan complete!
00:24:30,317 - [8] - INFO  - Game.Server.GameServer - Buff all 0 players in 0ms
00:25:30,315 - [9] - INFO  - Game.Server.GameServer - Buff Scaning ...
00:25:30,315 - [9] - INFO  - Game.Server.GameServer - Buff Scan complete!
00:25:30,315 - [9] - INFO  - Game.Server.GameServer - Buff all 0 players in 0ms
00:26:30,323 - [8] - INFO  - Game.Server.GameServer - Buff Scaning ...
00:26:30,323 - [8] - INFO  - Game.Server.GameServer - Buff Scan complete!
00:26:30,323 - [8] - INFO  - Game.Server.GameServer - Buff all 0 players in 0ms
00:27:28,022 - [8] - INFO  - Game.Server.GameServer - Begin ping check....
00:27:28,022 - [8] - INFO  - Game.Server.GameServer - End ping check....
00:27:28,022 - [8] - INFO  - Game.Server.GameServer - Begin ping center check....
00:27:28,022 - [8] - INFO  - Game.Server.GameServer - End ping center check....
00:27:30,324 - [9] - INFO  - Game.Server.GameServer - Buff Scaning ...
00:27:30,324 - [9] - INFO  - Game.Server.GameServer - Buff Scan complete!
00:27:30,324 - [9] - INFO  - Game.Server.GameServer - Buff all 0 players in 0ms
00:28:30,322 - [9] - INFO  - Game.Server.GameServer - Buff Scaning ...
00:28:30,322 - [9] - INFO  - Game.Server.GameServer - Buff Scan complete!
00:28:30,322 - [9] - INFO  - Game.Server.GameServer - Buff all 0 players in 0ms
00:29:27,309 - [8] - INFO  - Game.Server.GameServer - Saving database...
00:29:27,309 - [8] - INFO  - Game.Server.GameServer - Saving database complete!
00:29:27,309 - [8] - INFO  - Game.Server.GameServer - Saved all databases and 0 players in 0ms
00:29:27,626 - [8] - INFO  - Game.Server.GameServer - Saving Record...
00:29:27,626 - [8] - INFO  - Game.Server.GameServer - Saving Record complete!
00:29:30,343 - [9] - INFO  - Game.Server.GameServer - Buff Scaning ...
00:29:30,343 - [9] - INFO  - Game.Server.GameServer - Buff Scan complete!
00:29:30,343 - [9] - INFO  - Game.Server.GameServer - Buff all 0 players in 0ms
00:30:28,023 - [9] - INFO  - Game.Server.GameServer - Begin ping check....
00:30:28,023 - [9] - INFO  - Game.Server.GameServer - End ping check....
00:30:28,023 - [9] - INFO  - Game.Server.GameServer - Begin ping center check....
00:30:28,023 - [9] - INFO  - Game.Server.GameServer - End ping center check....
00:30:30,337 - [9] - INFO  - Game.Server.GameServer - Buff Scaning ...
00:30:30,337 - [9] - INFO  - Game.Server.GameServer - Buff Scan complete!
00:30:30,337 - [9] - INFO  - Game.Server.GameServer - Buff all 0 players in 0ms
00:31:30,352 - [9] - INFO  - Game.Server.GameServer - Buff Scaning ...
00:31:30,352 - [9] - INFO  - Game.Server.GameServer - Buff Scan complete!
00:31:30,352 - [9] - INFO  - Game.Server.GameServer - Buff all 0 players in 0ms
00:32:30,363 - [9] - INFO  - Game.Server.GameServer - Buff Scaning ...
00:32:30,363 - [9] - INFO  - Game.Server.GameServer - Buff Scan complete!
00:32:30,363 - [9] - INFO  - Game.Server.GameServer - Buff all 0 players in 0ms
00:33:28,031 - [9] - INFO  - Game.Server.GameServer - Begin ping check....
00:33:28,031 - [9] - INFO  - Game.Server.GameServer - End ping check....
00:33:28,031 - [9] - INFO  - Game.Server.GameServer - Begin ping center check....
00:33:28,031 - [9] - INFO  - Game.Server.GameServer - End ping center check....
00:33:30,390 - [9] - INFO  - Game.Server.GameServer - Buff Scaning ...
00:33:30,390 - [9] - INFO  - Game.Server.GameServer - Buff Scan complete!
00:33:30,390 - [9] - INFO  - Game.Server.GameServer - Buff all 0 players in 0ms
00:34:27,624 - [9] - INFO  - Game.Server.GameServer - Saving Record...
00:34:27,624 - [9] - INFO  - Game.Server.GameServer - Saving Record complete!
00:34:30,398 - [9] - INFO  - Game.Server.GameServer - Buff Scaning ...
00:34:30,398 - [9] - INFO  - Game.Server.GameServer - Buff Scan complete!
00:34:30,398 - [9] - INFO  - Game.Server.GameServer - Buff all 0 players in 0ms
00:35:30,407 - [8] - INFO  - Game.Server.GameServer - Buff Scaning ...
00:35:30,407 - [8] - INFO  - Game.Server.GameServer - Buff Scan complete!
00:35:30,407 - [8] - INFO  - Game.Server.GameServer - Buff all 0 players in 0ms
00:36:28,024 - [8] - INFO  - Game.Server.GameServer - Begin ping check....
00:36:28,024 - [8] - INFO  - Game.Server.GameServer - End ping check....
00:36:28,024 - [8] - INFO  - Game.Server.GameServer - Begin ping center check....
00:36:28,024 - [8] - INFO  - Game.Server.GameServer - End ping center check....
00:36:30,415 - [9] - INFO  - Game.Server.GameServer - Buff Scaning ...
00:36:30,415 - [9] - INFO  - Game.Server.GameServer - Buff Scan complete!
00:36:30,415 - [9] - INFO  - Game.Server.GameServer - Buff all 0 players in 0ms
00:37:30,427 - [9] - INFO  - Game.Server.GameServer - Buff Scaning ...
00:37:30,427 - [9] - INFO  - Game.Server.GameServer - Buff Scan complete!
00:37:30,427 - [9] - INFO  - Game.Server.GameServer - Buff all 0 players in 0ms
00:38:30,438 - [9] - INFO  - Game.Server.GameServer - Buff Scaning ...
00:38:30,438 - [9] - INFO  - Game.Server.GameServer - Buff Scan complete!
00:38:30,438 - [9] - INFO  - Game.Server.GameServer - Buff all 0 players in 0ms
00:39:27,310 - [9] - INFO  - Game.Server.GameServer - Saving database...
00:39:27,310 - [9] - INFO  - Game.Server.GameServer - Saving database complete!
00:39:27,310 - [9] - INFO  - Game.Server.GameServer - Saved all databases and 0 players in 0ms
00:39:27,623 - [8] - INFO  - Game.Server.GameServer - Saving Record...
00:39:27,623 - [8] - INFO  - Game.Server.GameServer - Saving Record complete!
00:39:28,031 - [8] - INFO  - Game.Server.GameServer - Begin ping check....
00:39:28,032 - [8] - INFO  - Game.Server.GameServer - End ping check....
00:39:28,032 - [8] - INFO  - Game.Server.GameServer - Begin ping center check....
00:39:28,032 - [8] - INFO  - Game.Server.GameServer - End ping center check....
00:39:30,454 - [9] - INFO  - Game.Server.GameServer - Buff Scaning ...
00:39:30,454 - [9] - INFO  - Game.Server.GameServer - Buff Scan complete!
00:39:30,454 - [9] - INFO  - Game.Server.GameServer - Buff all 0 players in 0ms
00:40:30,460 - [8] - INFO  - Game.Server.GameServer - Buff Scaning ...
00:40:30,460 - [8] - INFO  - Game.Server.GameServer - Buff Scan complete!
00:40:30,460 - [8] - INFO  - Game.Server.GameServer - Buff all 0 players in 0ms
00:41:30,466 - [8] - INFO  - Game.Server.GameServer - Buff Scaning ...
00:41:30,466 - [8] - INFO  - Game.Server.GameServer - Buff Scan complete!
00:41:30,466 - [8] - INFO  - Game.Server.GameServer - Buff all 0 players in 0ms
00:42:28,036 - [9] - INFO  - Game.Server.GameServer - Begin ping check....
00:42:28,036 - [9] - INFO  - Game.Server.GameServer - End ping check....
00:42:28,036 - [9] - INFO  - Game.Server.GameServer - Begin ping center check....
00:42:28,036 - [9] - INFO  - Game.Server.GameServer - End ping center check....
00:42:30,462 - [8] - INFO  - Game.Server.GameServer - Buff Scaning ...
00:42:30,462 - [8] - INFO  - Game.Server.GameServer - Buff Scan complete!
00:42:30,462 - [8] - INFO  - Game.Server.GameServer - Buff all 0 players in 0ms
00:43:30,460 - [9] - INFO  - Game.Server.GameServer - Buff Scaning ...
00:43:30,460 - [9] - INFO  - Game.Server.GameServer - Buff Scan complete!
00:43:30,460 - [9] - INFO  - Game.Server.GameServer - Buff all 0 players in 0ms
00:44:27,618 - [9] - INFO  - Game.Server.GameServer - Saving Record...
00:44:27,618 - [9] - INFO  - Game.Server.GameServer - Saving Record complete!
00:44:30,478 - [8] - INFO  - Game.Server.GameServer - Buff Scaning ...
00:44:30,478 - [8] - INFO  - Game.Server.GameServer - Buff Scan complete!
00:44:30,478 - [8] - INFO  - Game.Server.GameServer - Buff all 0 players in 0ms
00:45:28,044 - [9] - INFO  - Game.Server.GameServer - Begin ping check....
00:45:28,044 - [9] - INFO  - Game.Server.GameServer - End ping check....
00:45:28,044 - [9] - INFO  - Game.Server.GameServer - Begin ping center check....
00:45:28,044 - [9] - INFO  - Game.Server.GameServer - End ping center check....
00:45:30,492 - [8] - INFO  - Game.Server.GameServer - Buff Scaning ...
00:45:30,492 - [8] - INFO  - Game.Server.GameServer - Buff Scan complete!
00:45:30,492 - [8] - INFO  - Game.Server.GameServer - Buff all 0 players in 0ms
00:46:30,504 - [8] - INFO  - Game.Server.GameServer - Buff Scaning ...
00:46:30,504 - [8] - INFO  - Game.Server.GameServer - Buff Scan complete!
00:46:30,504 - [8] - INFO  - Game.Server.GameServer - Buff all 0 players in 0ms
00:47:30,518 - [8] - INFO  - Game.Server.GameServer - Buff Scaning ...
00:47:30,518 - [8] - INFO  - Game.Server.GameServer - Buff Scan complete!
00:47:30,518 - [8] - INFO  - Game.Server.GameServer - Buff all 0 players in 0ms
00:48:28,042 - [9] - INFO  - Game.Server.GameServer - Begin ping check....
00:48:28,042 - [9] - INFO  - Game.Server.GameServer - End ping check....
00:48:28,042 - [9] - INFO  - Game.Server.GameServer - Begin ping center check....
00:48:28,042 - [9] - INFO  - Game.Server.GameServer - End ping center check....
00:48:30,528 - [9] - INFO  - Game.Server.GameServer - Buff Scaning ...
00:48:30,528 - [9] - INFO  - Game.Server.GameServer - Buff Scan complete!
00:48:30,528 - [9] - INFO  - Game.Server.GameServer - Buff all 0 players in 0ms
00:49:27,313 - [9] - INFO  - Game.Server.GameServer - Saving database...
00:49:27,313 - [9] - INFO  - Game.Server.GameServer - Saving database complete!
00:49:27,313 - [9] - INFO  - Game.Server.GameServer - Saved all databases and 0 players in 0ms
00:49:27,625 - [8] - INFO  - Game.Server.GameServer - Saving Record...
00:49:27,625 - [8] - INFO  - Game.Server.GameServer - Saving Record complete!
00:49:30,533 - [8] - INFO  - Game.Server.GameServer - Buff Scaning ...
00:49:30,533 - [8] - INFO  - Game.Server.GameServer - Buff Scan complete!
00:49:30,533 - [8] - INFO  - Game.Server.GameServer - Buff all 0 players in 0ms
00:50:30,547 - [8] - INFO  - Game.Server.GameServer - Buff Scaning ...
00:50:30,547 - [8] - INFO  - Game.Server.GameServer - Buff Scan complete!
00:50:30,547 - [8] - INFO  - Game.Server.GameServer - Buff all 0 players in 0ms
00:51:28,040 - [9] - INFO  - Game.Server.GameServer - Begin ping check....
00:51:28,040 - [9] - INFO  - Game.Server.GameServer - End ping check....
00:51:28,040 - [9] - INFO  - Game.Server.GameServer - Begin ping center check....
00:51:28,040 - [9] - INFO  - Game.Server.GameServer - End ping center check....
00:51:30,543 - [9] - INFO  - Game.Server.GameServer - Buff Scaning ...
00:51:30,543 - [9] - INFO  - Game.Server.GameServer - Buff Scan complete!
00:51:30,543 - [9] - INFO  - Game.Server.GameServer - Buff all 0 players in 0ms
00:52:21,344 - [4] - INFO  - Game.Base.BaseServer - Incoming connection from 128.14.209.162:43794
00:52:29,206 - [4] - INFO  - Game.Base.BaseClient - Disconnecting client (128.14.209.162:43794), received bytes=0
00:52:30,558 - [8] - INFO  - Game.Server.GameServer - Buff Scaning ...
00:52:30,558 - [8] - INFO  - Game.Server.GameServer - Buff Scan complete!
00:52:30,558 - [8] - INFO  - Game.Server.GameServer - Buff all 0 players in 0ms
00:53:30,566 - [9] - INFO  - Game.Server.GameServer - Buff Scaning ...
00:53:30,566 - [9] - INFO  - Game.Server.GameServer - Buff Scan complete!
00:53:30,566 - [9] - INFO  - Game.Server.GameServer - Buff all 0 players in 0ms
00:54:27,638 - [8] - INFO  - Game.Server.GameServer - Saving Record...
00:54:27,638 - [8] - INFO  - Game.Server.GameServer - Saving Record complete!
00:54:28,060 - [8] - INFO  - Game.Server.GameServer - Begin ping check....
00:54:28,060 - [8] - INFO  - Game.Server.GameServer - End ping check....
00:54:28,060 - [8] - INFO  - Game.Server.GameServer - Begin ping center check....
00:54:28,060 - [8] - INFO  - Game.Server.GameServer - End ping center check....
00:54:30,578 - [8] - INFO  - Game.Server.GameServer - Buff Scaning ...
00:54:30,578 - [8] - INFO  - Game.Server.GameServer - Buff Scan complete!
00:54:30,578 - [8] - INFO  - Game.Server.GameServer - Buff all 0 players in 0ms
00:55:30,572 - [8] - INFO  - Game.Server.GameServer - Buff Scaning ...
00:55:30,572 - [8] - INFO  - Game.Server.GameServer - Buff Scan complete!
00:55:30,572 - [8] - INFO  - Game.Server.GameServer - Buff all 0 players in 0ms
00:56:30,575 - [9] - INFO  - Game.Server.GameServer - Buff Scaning ...
00:56:30,575 - [9] - INFO  - Game.Server.GameServer - Buff Scan complete!
00:56:30,575 - [9] - INFO  - Game.Server.GameServer - Buff all 0 players in 0ms
00:57:28,068 - [8] - INFO  - Game.Server.GameServer - Begin ping check....
00:57:28,068 - [8] - INFO  - Game.Server.GameServer - End ping check....
00:57:28,068 - [8] - INFO  - Game.Server.GameServer - Begin ping center check....
00:57:28,068 - [8] - INFO  - Game.Server.GameServer - End ping center check....
00:57:30,574 - [9] - INFO  - Game.Server.GameServer - Buff Scaning ...
00:57:30,574 - [9] - INFO  - Game.Server.GameServer - Buff Scan complete!
00:57:30,574 - [9] - INFO  - Game.Server.GameServer - Buff all 0 players in 0ms
00:58:30,588 - [8] - INFO  - Game.Server.GameServer - Buff Scaning ...
00:58:30,588 - [8] - INFO  - Game.Server.GameServer - Buff Scan complete!
00:58:30,588 - [8] - INFO  - Game.Server.GameServer - Buff all 0 players in 0ms
00:59:27,308 - [9] - INFO  - Game.Server.GameServer - Saving database...
00:59:27,308 - [9] - INFO  - Game.Server.GameServer - Saving database complete!
00:59:27,308 - [9] - INFO  - Game.Server.GameServer - Saved all databases and 0 players in 0ms
00:59:27,636 - [8] - INFO  - Game.Server.GameServer - Saving Record...
00:59:27,636 - [8] - INFO  - Game.Server.GameServer - Saving Record complete!
00:59:30,581 - [9] - INFO  - Game.Server.GameServer - Buff Scaning ...
00:59:30,581 - [9] - INFO  - Game.Server.GameServer - Buff Scan complete!
00:59:30,581 - [9] - INFO  - Game.Server.GameServer - Buff all 0 players in 0ms
01:00:28,078 - [9] - INFO  - Game.Server.GameServer - Begin ping check....
01:00:28,078 - [9] - INFO  - Game.Server.GameServer - End ping check....
01:00:28,078 - [9] - INFO  - Game.Server.GameServer - Begin ping center check....
01:00:28,078 - [9] - INFO  - Game.Server.GameServer - End ping center check....
01:00:30,599 - [8] - INFO  - Game.Server.GameServer - Buff Scaning ...
01:00:30,599 - [8] - INFO  - Game.Server.GameServer - Buff Scan complete!
01:00:30,599 - [8] - INFO  - Game.Server.GameServer - Buff all 0 players in 0ms
01:01:02,593 - [4] - INFO  - Game.Base.BaseServer - Incoming connection from 38.88.252.189:55661
01:01:30,604 - [9] - INFO  - Game.Server.GameServer - Buff Scaning ...
01:01:30,604 - [9] - INFO  - Game.Server.GameServer - Buff Scan complete!
01:01:30,604 - [9] - INFO  - Game.Server.GameServer - Buff all 0 players in 0ms
01:01:33,582 - [4] - INFO  - Game.Base.BaseClient - Disconnecting client (not connected), received bytes=0
01:02:30,609 - [8] - INFO  - Game.Server.GameServer - Buff Scaning ...
01:02:30,609 - [8] - INFO  - Game.Se01:11:01,225 - [MAIN] - INFO  - Bussiness.GameProperties - Refreshing game properties!
01:11:01,506 - [MAIN] - INFO  - Game.Server.GameServer - Recompile Scripts: True
01:11:01,521 - [MAIN] - INFO  - Game.Server.GameServer - Server rules: true
01:11:01,553 - [MAIN] - INFO  - Game.Server.GameServer - Registering global event handlers: true
01:11:01,553 - [MAIN] - INFO  - Game.Server.GameServer - Script components: True
01:11:01,553 - [MAIN] - INFO  - Game.Server.GameServer - Edition:21000: True
01:11:01,553 - [MAIN] - INFO  - Game.Server.GameServer - InitSocket Port:9200: True
01:11:01,600 - [MAIN] - INFO  - Game.Server.GameServer - AllocatePacketBuffers(): True
01:11:01,600 - [MAIN] - INFO  - Game.Server.GameServer - LogMgr Init: True
01:11:01,600 - [MAIN] - INFO  - Game.Server.GameServer - WorldMgr Init: True
01:11:01,756 - [MAIN] - INFO  - Game.Server.GameServer - MapMgr Init: True
01:11:01,834 - [MAIN] - INFO  - Game.Server.GameServer - ItemMgr Init: True
01:11:01,881 - [MAIN] - INFO  - Game.Server.GameServer - ItemBox Init: True
01:11:01,928 - [MAIN] - INFO  - Game.Server.GameServer - BallMgr Init: True
01:11:01,943 - [MAIN] - INFO  - Game.Server.GameServer - BallConfigMgr Init: True
01:11:01,943 - [MAIN] - INFO  - Game.Server.GameServer - FusionMgr Init: True
01:11:01,959 - [MAIN] - INFO  - Game.Server.GameServer - AwardMgr Init: True
01:11:01,975 - [MAIN] - INFO  - Game.Server.GameServer - NPCInfoMgr Init: True
01:11:02,006 - [MAIN] - INFO  - Game.Server.GameServer - MissionInfoMgr Init: True
01:11:02,021 - [MAIN] - INFO  - Game.Server.GameServer - PveInfoMgr Init: True
01:11:02,037 - [MAIN] - INFO  - Game.Server.GameServer - Drop Init: True
01:11:02,037 - [MAIN] - INFO  - Game.Server.GameServer - FightRateMgr Init: True
01:11:02,053 - [MAIN] - INFO  - Game.Server.GameServer - ConsortiaLevelMgr Init: True
01:11:02,053 - [MAIN] - INFO  - Game.Server.GameServer - RefineryMgr Init: True
01:11:02,068 - [MAIN] - INFO  - Game.Server.GameServer - StrengthenMgr Init: True
01:11:02,084 - [MAIN] - INFO  - Game.Server.GameServer - PropItemMgr Init: True
01:11:02,193 - [MAIN] - INFO  - Game.Server.GameServer - ShopMgr Init: True
01:11:02,256 - [MAIN] - INFO  - Game.Server.GameServer - QuestMgr Init: True
01:11:02,256 - [MAIN] - INFO  - Game.Server.GameServer - RoomMgr.Setup: True
01:11:02,271 - [MAIN] - INFO  - Game.Server.GameServer - GameMgr.Start(): True
01:11:02,287 - [MAIN] - INFO  - Game.Server.GameServer - ConsortiaMgr Init: True
01:11:02,287 - [MAIN] - INFO  - Game.Server.GameServer - LanguageMgr Init: True
01:11:02,303 - [MAIN] - INFO  - Game.Server.GameServer - ExperienceRateMgr Init: True
01:11:02,303 - [MAIN] - INFO  - Game.Server.GameServer - MacroDropMgr Init: True
01:11:02,303 - [MAIN] - INFO  - Game.Server.Battle.BattleMgr - Battle server 20.89.18.200:9208 loaded...
01:11:02,318 - [MAIN] - INFO  - Game.Server.Battle.BattleMgr - Total 1 battle server loaded.
01:11:02,318 - [MAIN] - INFO  - Game.Server.GameServer - BattleMgr Setup: True
01:11:02,318 - [MAIN] - INFO  - Game.Server.GameServer - Init Global Timers: True
01:11:02,334 - [MAIN] - INFO  - Game.Server.GameServer - MarryRoomMgr Init: True
01:11:02,334 - [MAIN] - INFO  - Game.Server.GameServer - LogMgr Setup: True
01:11:02,381 - [MAIN] - INFO  - Game.Base.Packets.PacketProcessor - PacketProcessor: Loaded 156 handlers from GameServer Assembly!
01:11:02,396 - [MAIN] - INFO  - Game.Base.CommandMgr - Loaded 7 commands!
01:11:02,412 - [MAIN] - INFO  - Game.Logic.Spells.SpellMgr - SpellMgr: Loaded 15 spell handlers from GameServer Assembly!
01:11:02,412 - [MAIN] - INFO  - Game.Base.BaseConnector - Connected to 10.0.10.7:9202
01:11:02,412 - [MAIN] - INFO  - Game.Server.GameServer - Login To CenterServer: True
01:11:02,443 - [MAIN] - INFO  - Game.Base.BaseConnector - Connected to 20.89.18.200:9208
01:11:02,443 - [MAIN] - INFO  - Game.Server.GameServer - base.Start(): True
01:11:02,459 - [MAIN] - INFO  - Game.Server.GameServer - GameServer is now open for connections!
01:11:46,951 - [4] - INFO  - Game.Base.BaseServer - Incoming connection from 54.152.60.89:36372
01:11:48,951 - [4] - INFO  - Game.Base.BaseClient - Disconnecting client (54.152.60.89:36372), received bytes=0
01:11:52,010 - [4] - INFO  - Game.Base.BaseServer - Incoming connection from 38.88.252.189:56226
01:12:02,332 - [8] - INFO  - Game.Server.GameServer - Buff Scaning ...
01:12:02,332 - [8] - INFO  - Game.Server.GameServer - Buff Scan complete!
01:12:02,332 - [8] - INFO  - Game.Server.GameServer - Buff all 0 players in 0ms
01:12:23,009 - [4] - INFO  - Game.Base.BaseClient - Disconnecting client (not connected), received bytes=0
01:13:02,337 - [9] - INFO  - Game.Server.GameServer - Buff Scaning ...
01:13:02,337 - [9] - INFO  - Game.Server.GameServer - Buff Scan complete!
01:13:02,337 - [9] - INFO  - Game.Server.GameServer - Buff all 0 players in 0ms
01:14:02,335 - [8] - INFO  - Game.Server.GameServer - Buff Scaning ...
01:14:02,335 - [8] - INFO  - Game.Server.GameServer - Buff Scan complete!
01:14:02,335 - [8] - INFO  - Game.Server.GameServer - Buff all 0 players in 0ms
01:14:02,335 - [9] - INFO  - Game.Server.GameServer - Begin ping check....
01:14:02,335 - [9] - INFO  - Game.Server.GameServer - End ping check....
01:14:02,335 - [9] - INFO  - Game.Server.GameServer - Begin ping center check....
01:14:02,335 - [9] - INFO  - Game.Server.GameServer - End ping center check....
01:14:18,606 - [4] - INFO  - Game.Base.BaseClient - Disconnecting client (not connected), received bytes=0
01:14:18,684 - [4] - INFO  - Game.Server.GameServer - Saving Record...
01:14:18,684 - [4] - INFO  - Game.Server.GameServer - Saving Record complete!
01:14:18,684 - [4] - INFO  - Game.Server.GameServer - Saving database...
01:14:18,684 - [4] - INFO  - Game.Server.GameServer - Saving database complete!
01:14:18,684 - [4] - INFO  - Game.Server.GameServer - Saved all databases and 0 players in 0ms
01:14:18,684 - [4] - INFO  - Game.Server.GameServer - Server Stopped!
01:14:18,684 - [4] - ERROR - Game.Server.GameServer - Center Server Disconnect! Stopping Server
01:14:18,684 - [4] - ERROR - Game.Server.GameServer - Start the game server again after 1 second,and left try times:3
01:14:19,091 - [10] - INFO  - Game.Base.BaseServer - Incoming connection from socket disconnected
01:14:19,315 - [10] - INFO  - Game.Base.BaseClient - Disconnecting client (not connected), received bytes=0
01:14:19,708 - [4] - INFO  - Bussiness.GameProperties - Refreshing game properties!
01:14:19,708 - [4] - INFO  - Game.Server.GameServer - Recompile Scripts: True
01:14:19,708 - [4] - INFO  - Game.Server.GameServer - Server rules: true
01:14:19,708 - [4] - INFO  - Game.Server.GameServer - Registering global event handlers: true
01:14:19,708 - [4] - INFO  - Game.Server.GameServer - Script components: True
01:14:19,723 - [4] - INFO  - Game.Server.GameServer - Edition:21000: True
01:14:19,723 - [4] - INFO  - Game.Server.GameServer - InitSocket Port:9200: True
01:14:19,739 - [4] - INFO  - Game.Server.GameServer - AllocatePacketBuffers(): True
01:14:19,739 - [4] - INFO  - Game.Server.GameServer - LogMgr Init: True
01:14:19,739 - [4] - INFO  - Game.Server.GameServer - WorldMgr Init: True
01:14:19,856 - [4] - INFO  - Game.Server.GameServer - MapMgr Init: True
01:14:19,903 - [4] - INFO  - Game.Server.GameServer - ItemMgr Init: True
01:14:19,919 - [4] - INFO  - Game.Server.GameServer - ItemBox Init: True
01:14:19,950 - [4] - INFO  - Game.Server.GameServer - BallMgr Init: True
01:14:19,950 - [4] - INFO  - Game.Server.GameServer - BallConfigMgr Init: True
01:14:19,950 - [4] - INFO  - Game.Server.GameServer - FusionMgr Init: True
01:14:19,950 - [4] - INFO  - Game.Server.GameServer - AwardMgr Init: True
01:14:19,966 - [4] - INFO  - Game.Server.GameServer - NPCInfoMgr Init: True
01:14:19,966 - [4] - INFO  - Game.Server.GameServer - MissionInfoMgr Init: True
01:14:19,966 - [4] - INFO  - Game.Server.GameServer - PveInfoMgr Init: True
01:14:19,966 - [4] - INFO  - Game.Server.GameServer - Drop Init: True
01:14:19,966 - [4] - INFO  - Game.Server.GameServer - FightRateMgr Init: True
01:14:19,966 -01:45:50,009 - [MAIN] - INFO  - Bussiness.GameProperties - Refreshing game properties!
01:45:50,274 - [MAIN] - INFO  - Game.Server.GameServer - Recompile Scripts: True
01:45:50,274 - [MAIN] - INFO  - Game.Server.GameServer - Server rules: true
01:45:50,321 - [MAIN] - INFO  - Game.Server.GameServer - Registering global event handlers: true
01:45:50,321 - [MAIN] - INFO  - Game.Server.GameServer - Script components: True
01:45:50,321 - [MAIN] - INFO  - Game.Server.GameServer - Edition:21000: True
01:45:50,321 - [MAIN] - INFO  - Game.Server.GameServer - InitSocket Port:9200: True
01:45:50,337 - [MAIN] - INFO  - Game.Server.GameServer - AllocatePacketBuffers(): True
01:45:50,352 - [MAIN] - INFO  - Game.Server.GameServer - LogMgr Init: True
01:45:50,368 - [MAIN] - INFO  - Game.Server.GameServer - WorldMgr Init: True
01:45:50,524 - [MAIN] - INFO  - Game.Server.GameServer - MapMgr Init: True
01:45:50,587 - [MAIN] - INFO  - Game.Server.GameServer - ItemMgr Init: True
01:45:50,602 - [MAIN] - INFO  - Game.Server.GameServer - ItemBox Init: True
01:45:50,649 - [MAIN] - INFO  - Game.Server.GameServer - BallMgr Init: True
01:45:50,649 - [MAIN] - INFO  - Game.Server.GameServer - BallConfigMgr Init: True
01:45:50,665 - [MAIN] - INFO  - Game.Server.GameServer - FusionMgr Init: True
01:45:50,665 - [MAIN] - INFO  - Game.Server.GameServer - AwardMgr Init: True
01:45:50,680 - [MAIN] - INFO  - Game.Server.GameServer - NPCInfoMgr Init: True
01:45:50,696 - [MAIN] - INFO  - Game.Server.GameServer - MissionInfoMgr Init: True
01:45:50,712 - [MAIN] - INFO  - Game.Server.GameServer - PveInfoMgr Init: True
01:45:50,727 - [MAIN] - INFO  - Game.Server.GameServer - Drop Init: True
01:45:50,727 - [MAIN] - INFO  - Game.Server.GameServer - FightRateMgr Init: True
01:45:50,727 - [MAIN] - INFO  - Game.Server.GameServer - ConsortiaLevelMgr Init: True
01:45:50,743 - [MAIN] - INFO  - Game.Server.GameServer - RefineryMgr Init: True
01:45:50,759 - [MAIN] - INFO  - Game.Server.GameServer - StrengthenMgr Init: True
01:45:50,759 - [MAIN] - INFO  - Game.Server.GameServer - PropItemMgr Init: True
01:45:50,837 - [MAIN] - INFO  - Game.Server.GameServer - ShopMgr Init: True
01:45:50,884 - [MAIN] - INFO  - Game.Server.GameServer - QuestMgr Init: True
01:45:50,884 - [MAIN] - INFO  - Game.Server.GameServer - RoomMgr.Setup: True
01:45:50,884 - [MAIN] - INFO  - Game.Server.GameServer - GameMgr.Start(): True
01:45:50,899 - [MAIN] - INFO  - Game.Server.GameServer - ConsortiaMgr Init: True
01:45:50,899 - [MAIN] - INFO  - Game.Server.GameServer - LanguageMgr Init: True
01:45:50,915 - [MAIN] - INFO  - Game.Server.GameServer - ExperienceRateMgr Init: True
01:45:50,915 - [MAIN] - INFO  - Game.Server.GameServer - MacroDropMgr Init: True
01:45:50,915 - [MAIN] - INFO  - Game.Server.Battle.BattleMgr - Battle server 20.89.18.200:9208 loaded...
01:45:50,930 - [MAIN] - INFO  - Game.Server.Battle.BattleMgr - Total 1 battle server loaded.
01:45:50,930 - [MAIN] - INFO  - Game.Server.GameServer - BattleMgr Setup: True
01:45:50,930 - [MAIN] - INFO  - Game.Server.GameServer - Init Global Timers: True
01:45:50,946 - [MAIN] - INFO  - Game.Server.GameServer - MarryRoomMgr Init: True
01:45:50,946 - [MAIN] - INFO  - Game.Server.GameServer - LogMgr Setup: True
01:45:50,977 - [MAIN] - INFO  - Game.Base.Packets.PacketProcessor - PacketProcessor: Loaded 156 handlers from GameServer Assembly!
01:45:50,993 - [MAIN] - INFO  - Game.Base.CommandMgr - Loaded 7 commands!
01:45:51,009 - [MAIN] - INFO  - Game.Logic.Spells.SpellMgr - SpellMgr: Loaded 15 spell handlers from GameServer Assembly!
01:45:51,009 - [MAIN] - INFO  - Game.Base.BaseConnector - Connected to 10.0.10.7:9202
01:45:51,009 - [MAIN] - INFO  - Game.Server.GameServer - Login To CenterServer: True
01:45:51,055 - [MAIN] - INFO  - Game.Base.BaseConnector - Connected to 20.89.18.200:9208
01:45:51,071 - [MAIN] - INFO  - Game.Server.GameServer - base.Start(): True
01:45:51,102 - [MAIN] - INFO  - Game.Server.GameServer - GameServer is now open for connections!
01:46:50,934 - [9] - INFO  - Game.Server.GameServer - Buff Scaning ...
01:46:50,934 - [9] - INFO  - Game.Server.GameServer - Buff Scan complete!
01:46:50,934 - [9] - INFO  - Game.Server.GameServer - Buff all 0 players in 0ms
01:47:50,953 - [9] - INFO  - Game.Server.GameServer - Buff Scaning ...
01:47:50,953 - [9] - INFO  - Game.Server.GameServer - Buff Scan complete!
01:47:50,953 - [9] - INFO  - Game.Server.GameServer - Buff all 0 players in 0ms
01:48:50,944 - [8] - INFO  - Game.Server.GameServer - Buff Scaning ...
01:48:50,944 - [8] - INFO  - Game.Server.GameServer - Buff Scan complete!
01:48:50,944 - [8] - INFO  - Game.Server.GameServer - Buff all 0 players in 0ms
01:48:50,944 - [9] - INFO  - Game.Server.GameServer - Begin ping check....
01:48:50,944 - [9] - INFO  - Game.Server.GameServer - End ping check....
01:48:50,944 - [9] - INFO  - Game.Server.GameServer - Begin ping center check....
01:48:50,944 - [9] - INFO  - Game.Server.GameServer - End ping center check....
01:49:50,949 - [9] - INFO  - Game.Server.GameServer - Buff Scaning ...
01:49:50,949 - [9] - INFO  - Game.Server.GameServer - Buff Scan complete!
01:49:50,949 - [9] - INFO  - Game.Server.GameServer - Buff all 0 players in 0ms
01:50:50,949 - [9] - INFO  - Game.Server.GameServer - Buff Scaning ...
01:50:50,949 - [9] - INFO  - Game.Server.GameServer - Buff Scan complete!
01:50:50,949 - [9] - INFO  - Game.Server.GameServer - Buff all 0 players in 0ms
01:50:50,949 - [8] - INFO  - Game.Server.GameServer - Saving Record...
01:50:50,949 - [8] - INFO  - Game.Server.GameServer - Saving Record complete!
01:51:50,947 - [8] - INFO  - Game.Server.GameServer - Buff Scaning ...
01:51:50,947 - [9] - INFO  - Game.Server.GameServer - Begin ping check....
01:51:50,947 - [9] - INFO  - Game.Server.GameServer - End ping check....
01:51:50,947 - [9] - INFO  - Game.Server.GameServer - Begin ping center check....
01:51:50,947 - [9] - INFO  - Game.Server.GameServer - End ping center check....
01:51:50,947 - [8] - INFO  - Game.Server.GameServer - Buff Scan complete!
01:51:50,947 - [8] - INFO  - Game.Server.GameServer - Buff all 0 players in 0ms
01:52:50,947 - [8] - INFO  - Game.Server.GameServer - Buff Scaning ...
01:52:50,947 - [8] - INFO  - Game.Server.GameServer - Buff Scan complete!
01:52:50,947 - [8] - INFO  - Game.Server.GameServer - Buff all 0 players in 0ms
01:53:50,939 - [9] - INFO  - Game.Server.GameServer - Buff Scaning ...
01:53:50,939 - [9] - INFO  - Game.Server.GameServer - Buff Scan complete!
01:53:50,939 - [9] - INFO  - Game.Server.GameServer - Buff all 0 players in 0ms
01:54:50,943 - [8] - INFO  - Game.Server.GameServer - Buff Scaning ...
01:54:50,943 - [8] - INFO  - Game.Server.GameServer - Buff Scan complete!
01:54:50,943 - [8] - INFO  - Game.Server.GameServer - Buff all 0 players in 0ms
01:54:50,943 - [9] - INFO  - Game.Server.GameServer - Begin ping check....
01:54:50,943 - [9] - INFO  - Game.Server.GameServer - End ping check....
01:54:50,943 - [9] - INFO  - Game.Server.GameServer - Begin ping center check....
01:54:50,943 - [9] - INFO  - Game.Server.GameServer - End ping center check....
01:55:50,954 - [9] - INFO  - Game.Server.GameServer - Saving Record...
01:55:50,954 - [9] - INFO  - Game.Server.GameServer - Saving Record complete!
01:55:50,954 - [9] - INFO  - Game.Server.GameServer - Buff Scaning ...
01:55:50,954 - [9] - INFO  - Game.Server.GameServer - Buff Scan complete!
01:55:50,954 - [9] - INFO  - Game.Server.GameServer - Buff all 0 players in 0ms
01:55:50,954 - [8] - INFO  - Game.Server.GameServer - Saving database...
01:55:50,954 - [8] - INFO  - Game.Server.GameServer - Saving database complete!
01:55:50,954 - [8] - INFO  - Game.Server.GameServer - Saved all databases and 0 players in 0ms
01:56:50,943 - [9] - INFO  - Game.Server.GameServer - Buff Scaning ...
01:56:50,943 - [9] - INFO  - Game.Server.GameServer - Buff Scan complete!
01:56:50,944 - [9] - INFO  - Game.Server.GameServer - Buff all 0 players in 0ms
01:57:50,947 - [8] - INFO  - Game.Server.GameServer - Buff Scaning ...
01:57:50,947 - [8] - INFO  - Game.Server.GameServer - Buff Scan complete!
01:57:50,948 - [8] - INFO  - Game.Server.GameServer - Buff all 0 players in 0ms
01:57:50,947 - [9] - INFO  - Game.Server.GameServer - Begin ping check....
01:57:50,949 - [9] - INFO  - Game.Server.GameServer - End ping check....
01:57:50,950 - [9] - INFO  - Game.Server.GameServer - Begin ping center check....
01:57:50,950 - [9] - INFO  - Game.Server.GameServer - End ping center check....
01:58:50,945 - [9] - INFO  - Game.Server.GameServer - Buff Scaning ...
01:58:50,945 - [9] - INFO  - Game.Server.GameServer - Buff Scan complete!
01:58:50,946 - [9] - INFO  - Game.Server.GameServer - Buff all 0 players in 0ms
01:59:50,947 - [8] - INFO  - Game.Server.GameServer - Buff Scaning ...
01:59:50,947 - [8] - INFO  - Game.Server.GameServer - Buff Scan complete!
01:59:50,948 - [8] - INFO  - Game.Server.GameServer - Buff all 0 players in 0ms
02:00:50,942 - [8] - INFO  - Game.Server.GameServer - Begin ping check....
02:00:50,942 - [8] - INFO  - Game.Server.GameServer - End ping check....
02:00:50,942 - [8] - INFO  - Game.Server.GameServer - Begin ping center check....
02:00:50,942 - [9] - INFO  - Game.Server.GameServer - Saving Record...
02:00:50,942 - [8] - INFO  - Game.Server.GameServer - End ping center check....
02:00:50,942 - [8] - INFO  - Game.Server.GameServer - Buff Scaning ...
02:00:50,942 - [8] - INFO  - Game.Server.GameServer - Buff Scan complete!
02:00:50,942 - [8] - INFO  - Game.Server.GameServer - Buff all 0 players in 0ms
02:00:50,942 - [9] - INFO  - Game.Server.GameServer - Saving Record complete!
02:01:50,963 - [8] - INFO  - Game.Server.GameServer - Buff Scaning ...
02:01:50,964 - [8] - INFO  - Game.Server.GameServer - Buff Scan complete!
02:01:50,964 - [8] - INFO  - Game.Server.GameServer - Buff all 0 players in 0ms
02:02:50,983 - [9] - INFO  - Game.Server.GameServer - Buff Scaning ...
02:02:50,983 - [9] - INFO  - Game.Server.GameServer - Buff Scan complete!
02:02:50,983 - [9] - INFO  - Game.Server.GameServer - Buff all 0 players in 0ms
02:03:50,950 - [8] - INFO  - Game.Server.GameServer - Begin ping check....
02:03:50,958 - [8] - INFO  - Game.Server.GameServer - End ping check....
02:03:50,966 - [8] - INFO  - Game.Server.GameServer - Begin ping center check....
02:03:50,969 - [8] - INFO  - Game.Server.GameServer - End ping center check....
02:03:50,981 - [9] - INFO  - Game.Server.GameServer - Buff Scaning ...
02:03:50,981 - [9] - INFO  - Game.Server.GameServer - Buff Scan complete!
02:03:50,981 - [9] - INFO  - Game.Server.GameServer - Buff all 0 players in 0ms
02:04:50,975 - [9] - INFO  - Game.Server.GameServer - Buff Scaning ...
02:04:50,975 - [9] - INFO  - Game.Server.GameServer - Buff Scan complete!
02:04:50,976 - [9] - INFO  - Game.Server.GameServer - Buff all 0 players in 0ms
02:05:50,950 - [9] - INFO  - Game.Server.GameServer - Saving Record...
02:05:50,950 - [9] - INFO  - Game.Server.GameServer - Saving Record complete!
02:05:50,950 - [8] - INFO  - Game.Server.GameServer - Saving database...
02:05:50,951 - [8] - INFO  - Game.Server.GameServer - Saving database complete!
02:05:50,952 - [8] - INFO  - Game.Server.GameServer - Saved all databases and 0 players in 0ms
02:05:50,983 - [9] - INFO  - Game.Server.GameServer - Buff Scaning ...
02:05:50,983 - [9] - INFO  - Game.Server.GameServer - Buff Scan complete!
02:05:50,984 - [9] - INFO  - Game.Server.GameServer - Buff all 0 players in 0ms
02:06:50,947 - [8] - INFO  - Game.Server.GameServer - Begin ping check....
02:06:50,947 - [8] - INFO  - Game.Server.GameServer - End ping check....
02:06:50,947 - [8] - INFO  - Game.Server.GameServer - Begin ping center check....
02:06:50,948 - [8] - INFO  - Game.Server.GameServer - End ping center check....
02:06:50,979 - [9] - INFO  - Game.Server.GameServer - Buff Scaning ...
02:06:50,979 - [9] - INFO  - Game.Server.GameServer - Buff Scan complete!
02:06:50,980 - [9] - INFO  - Game.Server.GameServer - Buff all 0 players in 0ms
02:07:50,972 - [9] - INFO  - Game.Server.GameServer - Buff Scaning ...
02:07:50,972 - [9] - INFO  - Game.Server.GameServer - Buff Scan complete!
02:07:50,973 - [9] - INFO  - Game.Server.GameServer - Buff all 0 players in 0ms
02:08:50,982 - [8] - INFO  - Game.Server.GameServer - Buff Scaning ...
02:08:50,984 - [8] - INFO  - Game.Server.GameServer - Buff Scan complete!
02:08:50,985 - [8] - INFO  - Game.Server.GameServer - Buff all 0 players in 0ms
02:09:50,943 - [9] - INFO  - Game.Server.GameServer - Begin ping check....
02:09:50,943 - [9] - INFO  - Game.Server.GameServer - End ping check....
02:09:50,944 - [9] - INFO  - Game.Server.GameServer - Begin ping center check....
02:09:50,945 - [9] - INFO  - Game.Server.GameServer - End ping center check....
02:09:50,976 - [8] - INFO  - Game.Server.GameServer - Buff Scaning ...
02:09:50,976 - [8] - INFO  - Game.Server.GameServer - Buff Scan complete!
02:09:50,977 - [8] - INFO  - Game.Server.GameServer - Buff all 0 players in 0ms
02:10:50,954 - [9] - INFO  - Game.Server.GameServer - Saving Record...
02:10:50,954 - [9] - INFO  - Game.Server.GameServer - Saving Record complete!
02:10:50,987 - [9] - INFO  - Game.Server.GameServer - Buff Scaning ...
02:10:50,987 - [9] - INFO  - Game.Server.GameServer - Buff Scan complete!
02:10:50,987 - [9] - INFO  - Game.Server.GameServer - Buff all 0 players in 0ms
02:11:51,001 - [9] - INFO  - Game.Server.GameServer - Buff Scaning ...
02:11:51,001 - [9] - INFO  - Game.Server.GameServer - Buff Scan complete!
02:11:51,002 - [9] - INFO  - Game.Server.GameServer - Buff all 0 players in 0ms
02:12:50,945 - [9] - INFO  - Game.Server.GameServer - Begin ping check....
02:12:50,945 - [9] - INFO  - Game.Server.GameServer - End ping check....
02:12:50,946 - [9] - INFO  - Game.Server.GameServer - Begin ping center check....
02:12:50,947 - [9] - INFO  - Game.Server.GameServer - End ping center check....
02:12:50,993 - [8] - INFO  - Game.Server.GameServer - Buff Scaning ...
02:12:50,993 - [8] - INFO  - Game.Server.GameServer - Buff Scan complete!
02:12:50,994 - [8] - INFO  - Game.Server.GameServer - Buff all 0 players in 0ms
02:13:50,990 - [9] - INFO  - Game.Server.GameServer - Buff Scaning ...
02:13:50,990 - [9] - INFO  - Game.Server.GameServer - Buff Scan complete!
02:13:50,991 - [9] - INFO  - Game.Server.GameServer - Buff all 0 players in 0ms
02:14:50,993 - [8] - INFO  - Game.Server.GameServer - Buff Scaning ...
02:14:50,993 - [8] - INFO  - Game.Server.GameServer - Buff Scan complete!
02:14:50,994 - [8] - INFO  - Game.Server.GameServer - Buff all 0 players in 0ms
02:15:50,950 - [9] - INFO  - Game.Server.GameServer - Begin ping check....
02:15:50,950 - [9] - INFO  - Game.Server.GameServer - End ping check....
02:15:50,951 - [9] - INFO  - Game.Server.GameServer - Begin ping center check....
02:15:50,951 - [9] - INFO  - Game.Server.GameServer - End ping center check....
02:15:50,951 - [9] - INFO  - Game.Server.GameServer - Saving Record...
02:15:50,952 - [9] - INFO  - Game.Server.GameServer - Saving Record complete!
02:15:50,950 - [8] - INFO  - Game.Server.GameServer - Saving database...
02:15:50,953 - [8] - INFO  - Game.Server.GameServer - Saving database complete!
02:15:50,953 - [8] - INFO  - Game.Server.GameServer - Saved all databases and 0 players in 0ms
02:15:50,998 - [9] - INFO  - Game.Server.GameServer - Buff Scaning ...
02:15:50,998 - [9] - INFO  - Game.Server.GameServer - Buff Scan complete!
02:15:50,999 - [9] - INFO  - Game.Server.GameServer - Buff all 0 players in 0ms
02:16:50,991 - [9] - INFO  - Game.Server.GameServer - Buff Scaning ...
02:16:50,991 - [9] - INFO  - Game.Server.GameServer - Buff Scan complete!
02:16:50,991 - [9] - INFO  - Game.Server.GameServer - Buff all 0 players in 0ms
02:17:50,997 - [9] - INFO  - Game.Server.GameServer - Buff Scaning ...
02:17:50,997 - [9] - INFO  - Game.Server.GameServer - Buff Scan complete!
02:17:50,997 - [9] - INFO  - Game.Server.GameServer - Buff all 0 players in 0ms
02:18:50,963 - [9] - INFO  - Game.Server.GameServer - Begin ping check....
02:18:50,963 - [9] - INFO  - Game.Server.GameServer - End ping check....
02:18:50,963 - [9] - INFO  - Game.Server.GameServer - Begin ping center check....
02:18:50,963 - [9] - INFO  - Game.Server.GameServer - End ping center check....
02:18:50,994 - [8] - INFO  - Game.Server.GameServer - Buff Scaning ...
02:18:50,994 - [8] - INFO  - Game.Server.GameServer - Buff Scan complete!
02:18:50,994 - [8] - INFO  - Game.Server.GameServer - Buff all 0 players in 0ms
02:19:51,015 - [8] - INFO  - Game.Server.GameServer - Buff Scaning ...
02:19:51,015 - [8] - INFO  - Game.Server.GameServer - Buff Scan complete!
02:19:51,015 - [8] - INFO  - Game.Server.GameServer - Buff all 0 players in 0ms
02:20:50,964 - [9] - INFO  - Game.Server.GameServer - Saving Record...
02:20:50,964 - [9] - INFO  - Game.Server.GameServer - Saving Record complete!
02:20:51,027 - [8] - INFO  - Game.Server.GameServer - Buff Scaning ...
02:20:51,027 - [8] - INFO  - Game.Server.GameServer - Buff Scan complete!
02:20:51,027 - [8] - INFO  - Game.Server.GameServer - Buff all 0 players in 0ms
02:21:50,958 - [9] - INFO  - Game.Server.GameServer - Begin ping check....
02:21:50,958 - [9] - INFO  - Game.Server.GameServer - End ping check....
02:21:50,958 - [9] - INFO  - Game.Server.GameServer - Begin ping center check....
02:21:50,958 - [9] - INFO  - Game.Server.GameServer - End ping center check....
02:21:51,021 - [8] - INFO  - Game.Server.GameServer - Buff Scaning ...
02:21:51,021 - [8] - INFO  - Game.Server.GameServer - Buff Scan complete!
02:21:51,021 - [8] - INFO  - Game.Server.GameServer - Buff all 0 players in 0ms
02:22:51,025 - [8] - INFO  - Game.Server.GameServer - Buff Scaning ...
02:22:51,025 - [8] - INFO  - Game.Server.GameServer - Buff Scan complete!
02:22:51,025 - [8] - INFO  - Game.Server.GameServer - Buff all 0 players in 0ms
02:23:51,028 - [9] - INFO  - Game.Server.GameServer - Buff Scaning ...
02:23:51,028 - [9] - INFO  - Game.Server.GameServer - Buff Scan complete!
02:23:51,028 - [9] - INFO  - Game.Server.GameServer - Buff all 0 players in 0ms
02:24:50,976 - [8] - INFO  - Game.Server.GameServer - Begin ping check....
02:24:50,976 - [8] - INFO  - Game.Server.GameServer - End ping check....
02:24:50,976 - [8] - INFO  - Game.Server.GameServer - Begin ping center check....
02:24:50,976 - [8] - INFO  - Game.Server.GameServer - End ping center check....
02:24:51,023 - [8] - INFO  - Game.Server.GameServer - Buff Scaning ...
02:24:51,023 - [8] - INFO  - Game.Server.GameServer - Buff Scan complete!
02:24:51,023 - [8] - INFO  - Game.Server.GameServer - Buff all 0 players in 0ms
02:25:50,949 - [8] - INFO  - Game.Server.GameServer - Saving database...
02:25:50,949 - [8] - INFO  - Game.Server.GameServer - Saving database complete!
02:25:50,949 - [8] - INFO  - Game.Server.GameServer - Saved all databases and 0 players in 0ms
02:25:50,980 - [8] - INFO  - Game.Server.GameServer - Saving Record...
02:25:50,980 - [8] - INFO  - Game.Server.GameServer - Saving Record complete!
02:25:51,027 - [9] - INFO  - Game.Server.GameServer - Buff Scaning ...
02:25:51,027 - [9] - INFO  - Game.Server.GameServer - Buff Scan complete!
02:25:51,027 - [9] - INFO  - Game.Server.GameServer - Buff all 0 players in 0ms
02:26:51,038 - [9] - INFO  - Game.Server.GameServer - Buff Scaning ...
02:26:51,038 - [9] - INFO  - Game.Server.GameServer - Buff Scan complete!
02:26:51,038 - [9] - INFO  - Game.Server.GameServer - Buff all 0 players in 0ms
02:27:51,002 - [9] - INFO  - Game.Server.GameServer - Begin ping check....
02:27:51,002 - [9] - INFO  - Game.Server.GameServer - End ping check....
02:27:51,002 - [9] - INFO  - Game.Server.GameServer - Begin ping center check....
02:27:51,002 - [9] - INFO  - Game.Server.GameServer - End ping center check....
02:27:51,064 - [9] - INFO  - Game.Server.GameServer - Buff Scaning ...
02:27:51,064 - [9] - INFO  - Game.Server.GameServer - Buff Scan complete!
02:27:51,064 - [9] - INFO  - Game.Server.GameServer - Buff all 0 players in 0ms
02:28:51,055 - [9] - INFO  - Game.Server.GameServer - Buff Scaning ...
02:28:51,055 - [9] - INFO  - Game.Server.GameServer - Buff Scan complete!
02:28:51,055 - [9] - INFO  - Game.Server.GameServer - Buff all 0 players in 0ms
02:29:51,056 - [8] - INFO  - Game.Server.GameServer - Buff Scaning ...
02:29:51,056 - [8] - INFO  - Game.Server.GameServer - Buff Scan complete!
02:29:51,056 - [8] - INFO  - Game.Server.GameServer - Buff all 0 players in 0ms
02:30:50,984 - [9] - INFO  - Game.Server.GameServer - Saving Record...
02:30:50,984 - [9] - INFO  - Game.Server.GameServer - Saving Record complete!
02:30:50,999 - [9] - INFO  - Game.Server.GameServer - Begin ping check....
02:30:50,999 - [9] - INFO  - Game.Server.GameServer - End ping check....
02:30:50,999 - [9] - INFO  - Game.Server.GameServer - Begin ping center check....
02:30:50,999 - [9] - INFO  - Game.Server.GameServer - End ping center check....
02:30:51,077 - [9] - INFO  - Game.Server.GameServer - Buff Scaning ...
02:30:51,077 - [9] - INFO  - Game.Server.GameServer - Buff Scan complete!
02:30:51,077 - [9] - INFO  - Game.Server.GameServer - Buff all 0 players in 0ms
02:31:51,071 - [9] - INFO  - Game.Server.GameServer - Buff Scaning ...
02:31:51,071 - [9] - INFO  - Game.Server.GameServer - Buff Scan complete!
02:31:51,071 - [9] - INFO  - Game.Server.GameServer - Buff all 0 players in 0ms
02:32:51,073 - [9] - INFO  - Game.Server.GameServer - Buff Scaning ...
02:32:51,073 - [9] - INFO  - Game.Server.GameServer - Buff Scan complete!
02:32:51,073 - [9] - INFO  - Game.Server.GameServer - Buff all 0 players in 0ms
02:33:50,994 - [9] - INFO  - Game.Server.GameServer - Begin ping check....
02:33:50,994 - [9] - INFO  - Game.Server.GameServer - End ping check....
02:33:50,994 - [9] - INFO  - Game.Server.GameServer - Begin ping center check....
02:33:50,994 - [9] - INFO  - Game.Server.GameServer - End ping center check....
02:33:51,072 - [8] - INFO  - Game.Server.GameServer - Buff Scaning ...
02:33:51,072 - [8] - INFO  - Game.Server.GameServer - Buff Scan complete!
02:33:51,072 - [8] - INFO  - Game.Server.GameServer - Buff all 0 players in 0ms
02:34:51,073 - [9] - INFO  - Game.Server.GameServer - Buff Scaning ...
02:34:51,073 - [9] - INFO  - Game.Server.GameServer - Buff Scan complete!
02:34:51,073 - [9] - INFO  - Game.Server.GameServer - Buff all 0 players in 0ms
02:35:50,948 - [9] - INFO  - Game.Server.GameServer - Saving database...
02:35:50,948 - [9] - INFO  - Game.Server.GameServer - Saving database complete!
02:35:50,948 - [9] - INFO  - Game.Server.GameServer - Saved all databases and 0 players in 0ms
02:35:50,995 - [8] - INFO  - Game.Server.GameServer - Saving Record...
02:35:50,995 - [8] - INFO  - Game.Server.GameServer - Saving Record complete!
02:35:51,089 - [8] - INFO  - Game.Server.GameServer - Buff Scaning ...
02:35:51,089 - [8] - INFO  - Game.Server.GameServer - Buff Scan complete!
02:35:51,089 - [8] - INFO  - Game.Server.GameServer - Buff all 0 players in 0ms
02:36:50,992 - [9] - INFO  - Game.Server.GameServer - Begin ping check....
02:36:50,992 - [9] - INFO  - Game.Server.GameServer - End ping check....
02:36:50,992 - [9] - INFO  - Game.Server.GameServer - Begin ping center check....
02:36:50,992 - [9] - INFO  - Game.Server.GameServer - End ping center check....
02:36:51,102 - [9] - INFO  - Game.Server.GameServer - Buff Scaning ...
02:36:51,102 - [9] - INFO  - Game.Server.GameServer - Buff Scan complete!
02:36:51,102 - [9] - INFO  - Game.Server.GameServer - Buff all 0 players in 0ms
02:37:05,832 - [4] - INFO  - Game.Base.BaseServer - Incoming connection from 209.17.96.34:57339
02:37:37,421 - [4] - INFO  - Game.Base.BaseClient - Disconnecting client (not connected), received bytes=0
02:37:51,111 - [9] - INFO  - Game.Server.GameServer - Buff Scaning ...
02:37:51,111 - [9] - INFO  - Game.Server.GameServer - Buff Scan complete!
02:37:51,111 - [9] - INFO  - Game.Server.GameServer - Buff all 0 players in 0ms
02:38:51,121 - [8] - INFO  - Game.Server.GameServer - Buff Scaning ...
02:38:51,121 - [8] - INFO  - Game.Server.GameServer - Buff Scan complete!
02:38:51,121 - [8] - INFO  - Game.Server.GameServer - Buff all 0 players in 0ms
02:39:50,987 - [8] - INFO  - Game.Server.GameServer - Begin ping check....
02:39:50,987 - [8] - INFO  - Game.Server.GameServer - End ping check....
02:39:50,987 - [8] - INFO  - Game.Server.GameServer - Begin ping center check....
02:39:50,987 - [8] - INFO  - Game.Server.GameServer - End ping center check....
02:39:51,126 - [9] - INFO  - Game.Server.GameServer - Buff Scaning ...
02:39:51,126 - [9] - INFO  - Game.Server.GameServer - Buff Scan complete!
02:39:51,126 - [9] - INFO  - Game.Server.GameServer - Buff all 0 players in 0ms
02:40:50,989 - [8] - INFO  - Game.Server.GameServer - Saving Record...
02:40:50,989 - [8] - INFO  - Game.Server.GameServer - Saving Record complete!
02:40:51,130 - [8] - INFO  - Game.Server.GameServer - Buff Scaning ...
02:40:51,130 - [8] - INFO  - Game.Server.GameServer - Buff Scan complete!
02:40:51,130 - [8] - INFO  - Game.Server.GameServer - Buff all 0 players in 0ms
02:41:51,148 - [8] - INFO  - Game.Server.GameServer - Buff Scaning ...
02:41:51,148 - [8] - INFO  - Game.Server.GameServer - Buff Scan complete!
02:41:51,148 - [8] - INFO  - Game.Server.GameServer - Buff all 0 players in 0ms
02:42:50,992 - [9] - INFO  - Game.Server.GameServer - Begin ping check....
02:42:50,992 - [9] - INFO  - Game.Server.GameServer - End ping check....
02:42:50,992 - [9] - INFO  - Game.Server.GameServer - Begin ping center check....
02:42:50,992 - [9] - INFO  - Game.Server.GameServer - End ping center check....
02:42:51,149 - [9] - INFO  - Game.Server.GameServer - Buff Scaning ...
02:42:51,149 - [9] - INFO  - Game.Server.GameServer - Buff Scan complete!
02:42:51,149 - [9] - INFO  - Game.Server.GameServer - Buff all 0 players in 0ms
02:43:51,151 - [8] - INFO  - Game.Server.GameServer - Buff Scaning ...
02:43:51,151 - [8] - INFO  - Game.Server.GameServer - Buff Scan complete!
02:43:51,151 - [8] - INFO  - Game.Server.GameServer - Buff all 0 players in 0ms
02:44:51,145 - [9] - INFO  - Game.Server.GameServer - Buff Scaning ...
02:44:51,145 - [9] - INFO  - Game.Server.GameServer - Buff Scan complete!
02:44:51,145 - [9] - INFO  - Game.Server.GameServer - Buff all 0 players in 0ms
02:45:50,947 - [9] - INFO  - Game.Server.GameServer - Saving database...
02:45:50,947 - [9] - INFO  - Game.Server.GameServer - Saving database complete!
02:45:50,947 - [9] - INFO  - Game.Server.GameServer - Saved all databases and 0 players in 0ms
02:45:51,009 - [9] - INFO  - Game.Server.GameServer - Begin ping check....
02:45:51,009 - [9] - INFO  - Game.Server.GameServer - End ping check....
02:45:51,009 - [8] - INFO  - Game.Server.GameServer - Saving Record...
02:45:51,009 - [9] - INFO  - Game.Server.GameServer - Begin ping center check....
02:45:51,009 - [8] - INFO  - Game.Server.GameServer - Saving Record complete!
02:45:51,009 - [9] - INFO  - Game.Server.GameServer - End ping center check....
02:45:51,150 - [9] - INFO  - Game.Server.GameServer - Buff Scaning ...
02:45:51,150 - [9] - INFO  - Game.Server.GameServer - Buff Scan complete!
02:45:51,150 - [9] - INFO  - Game.Server.GameServer - Buff all 0 players in 0ms
02:46:51,156 - [8] - INFO  - Game.Server.GameServer - Buff Scaning ...
02:46:51,156 - [8] - INFO  - Game.Server.GameServer - Buff Scan complete!
02:46:51,156 - [8] - INFO  - Game.Server.GameServer - Buff all 0 players in 0ms
02:47:51,147 - [9] - INFO  - Game.Server.GameServer - Buff Scaning ...
02:47:51,147 - [9] - INFO  - Game.Server.GameServer - Buff Scan complete!
02:47:51,147 - [9] - INFO  - Game.Server.GameServer - Buff all 0 players in 0ms
02:48:51,010 - [9] - INFO  - Game.Server.GameServer - Begin ping check....
02:48:51,010 - [9] - INFO  - Game.Server.GameServer - End ping check....
02:48:51,010 - [9] - INFO  - Game.Server.GameServer - Begin ping center check....
02:48:51,010 - [9] - INFO  - Game.Server.GameServer - End ping center check....
02:48:51,151 - [9] - INFO  - Game.Server.GameServer - Buff Scaning ...
02:48:51,151 - [9] - INFO  - Game.Server.GameServer - Buff Scan complete!
02:48:51,151 - [9] - INFO  - Game.Server.GameServer - Buff all 0 players in 0ms
02:49:51,145 - [9] - INFO  - Game.Server.GameServer - Buff Scaning ...
02:49:51,145 - [9] - INFO  - Game.Server.GameServer - Buff Scan complete!
02:49:51,145 - [9] - INFO  - Game.Server.GameServer - Buff all 0 players in 0ms
02:50:51,016 - [9] - INFO  - Game.Server.GameServer - Saving Record...
02:50:51,016 - [9] - INFO  - Game.Server.GameServer - Saving Record complete!
02:50:51,157 - [9] - INFO  - Game.Server.GameServer - Buff Scaning ...
02:50:51,157 - [9] - INFO  - Game.Server.GameServer - Buff Scan complete!
02:50:51,157 - [9] - INFO  - Game.Server.GameServer - Buff all 0 players in 0ms
02:51:51,015 - [8] - INFO  - Game.Server.GameServer - Begin ping check....
02:51:51,015 - [8] - INFO  - Game.Server.GameServer - End ping check....
02:51:51,015 - [8] - INFO  - Game.Server.GameServer - Begin ping center check....
02:51:51,015 - [8] - INFO  - Game.Server.GameServer - End ping center check....
02:51:51,156 - [9] - INFO  - Game.Server.GameServer - Buff Scaning ...
02:51:51,156 - [9] - INFO  - Game.Server.GameServer - Buff Scan complete!
02:51:51,156 - [9] - INFO  - Game.Server.GameServer - Buff all 0 players in 0ms
02:52:51,166 - [8] - INFO  - Game.Server.GameServer - Buff Scaning ...
02:52:51,166 - [8] - INFO  - Game.Server.GameServer - Buff Scan complete!
02:52:51,166 - [8] - INFO  - Game.Server.GameServer - Buff all 0 players in 0ms
02:53:51,173 - [9] - INFO  - Game.Server.GameServer - Buff Scaning ...
02:53:51,173 - [9] - INFO  - Game.Server.GameServer - Buff Scan complete!
02:53:51,173 - [9] - INFO  - Game.Server.GameServer - Buff all 0 players in 0ms
02:54:51,023 - [8] - INFO  - Game.Server.GameServer - Begin ping check....
02:54:51,023 - [8] - INFO  - Game.Server.GameServer - End ping check....
02:54:51,023 - [8] - INFO  - Game.Server.GameServer - Begin ping center check....
02:54:51,023 - [8] - INFO  - Game.Server.GameServer - End ping center check....
02:54:51,180 - [9] - INFO  - Game.Server.GameServer - Buff Scaning ...
02:54:51,180 - [9] - INFO  - Game.Server.GameServer - Buff Scan complete!
02:54:51,180 - [9] - INFO  - Game.Server.GameServer - Buff all 0 players in 0ms
02:55:50,940 - [9] - INFO  - Game.Server.GameServer - Saving database...
02:55:50,940 - [9] - INFO  - Game.Server.GameServer - Saving database complete!
02:55:50,940 - [9] - INFO  - Game.Server.GameServer - Saved all databases and 0 players in 0ms
02:55:51,018 - [9] - INFO  - Game.Server.GameServer - Saving Record...
02:55:51,018 - [9] - INFO  - Game.Server.GameServer - Saving Record complete!
02:55:51,190 - [9] - INFO  - Game.Server.GameServer - Buff Scaning ...
02:55:51,190 - [9] - INFO  - Game.Server.GameServer - Buff Scan complete!
02:55:51,190 - [9] - INFO  - Game.Server.GameServer - Buff all 0 players in 0ms
02:56:51,217 - [9] - INFO  - Game.Server.GameServer - Buff Scaning ...
02:56:51,217 - [9] - INFO  - Game.Server.GameServer - Buff Scan complete!
02:56:51,217 - [9] - INFO  - Game.Server.GameServer - Buff all 0 players in 0ms
02:57:51,023 - [8] - INFO  - Game.Server.GameServer - Begin ping check....
02:57:51,023 - [8] - INFO  - Game.Server.GameServer - End ping check....
02:57:51,023 - [8] - INFO  - Game.Server.GameServer - Begin ping center check....
02:57:51,023 - [8] - INFO  - Game.Server.GameServer - End ping center check....
02:57:51,226 - [9] - INFO  - Game.Server.GameServer - Buff Scaning ...
02:57:51,226 - [9] - INFO  - Game.Server.GameServer - Buff Scan complete!
02:57:51,226 - [9] - INFO  - Game.Server.GameServer - Buff all 0 players in 0ms
02:58:51,240 - [9] - INFO  - Game.Server.GameServer - Buff Scaning ...
02:58:51,240 - [9] - INFO  - Game.Server.GameServer - Buff Scan complete!
02:58:51,240 - [9] - INFO  - Game.Server.GameServer - Buff all 0 players in 0ms
02:59:51,253 - [8] - INFO  - Game.Server.GameServer - Buff Scaning ...
02:59:51,253 - [8] - INFO  - Game.Server.GameServer - Buff Scan complete!
02:59:51,253 - [8] - INFO  - Game.Server.GameServer - Buff all 0 players in 0ms
03:00:51,032 - [9] - INFO  - Game.Server.GameServer - Begin ping check....
03:00:51,032 - [9] - INFO  - Game.Server.GameServer - End ping check....
03:00:51,032 - [9] - INFO  - Game.Server.GameServer - Begin ping center check....
03:00:51,032 - [8] - INFO  - Game.Server.GameServer - Saving Record...
03:00:51,032 - [8] - INFO  - Game.Server.GameServer - Saving Record complete!
03:00:51,032 - [9] - INFO  - Game.Server.GameServer - End ping center check....
03:00:51,282 - [8] - INFO  - Game.Server.GameServer - Buff Scaning ...
03:00:51,282 - [8] - INFO  - Game.Server.GameServer - Buff Scan complete!
03:00:51,282 - [8] - INFO  - Game.Server.GameServer - Buff all 0 players in 0ms
03:01:51,273 - [9] - INFO  - Game.Server.GameServer - Buff Scaning ...
03:01:51,273 - [9] - INFO  - Game.Server.GameServer - Buff Scan complete!
03:01:51,273 - [9] - INFO  - Game.Server.GameServer - Buff all 0 players in 0ms
03:02:51,292 - [9] - INFO  - Game.Server.GameServer - Buff Scaning ...
03:02:51,292 - [9] - INFO  - Game.Server.GameServer - Buff Scan complete!
03:02:51,292 - [9] - INFO  - Game.Server.GameServer - Buff all 0 players in 0ms
03:03:51,029 - [8] - INFO  - Game.Server.GameServer - Begin ping check....
03:03:51,029 - [8] - INFO  - Game.Server.GameServer - End ping check....
03:03:51,029 - [8] - INFO  - Game.Server.GameServer - Begin ping center check....
03:03:51,029 - [8] - INFO  - Game.Server.GameServer - End ping center check....
03:03:51,311 - [9] - INFO  - Game.Server.GameServer - Buff Scaning ...
03:03:51,311 - [9] - INFO  - Game.Server.GameServer - Buff Scan complete!
03:03:51,311 - [9] - INFO  - Game.Server.GameServer - Buff all 0 players in 0ms
03:04:51,322 - [9] - INFO  - Game.Server.GameServer - Buff Scaning ...
03:04:51,322 - [9] - INFO  - Game.Server.GameServer - Buff Scan complete!
03:04:51,322 - [9] - INFO  - Game.Server.GameServer - Buff all 0 players in 0ms
03:05:50,954 - [8] - INFO  - Game.Server.GameServer - Saving database...
03:05:50,954 - [8] - INFO  - Game.Server.GameServer - Saving database complete!
03:05:50,954 - [8] - INFO  - Game.Server.GameServer - Saved all databases and 0 players in 0ms
03:05:51,048 - [9] - INFO  - Game.Server.GameServer - Saving Record...
03:05:51,048 - [9] - INFO  - Game.Server.GameServer - Saving Record complete!
03:05:51,329 - [9] - INFO  - Game.Server.GameServer - Buff Scaning ...
03:05:51,329 - [9] - INFO  - Game.Server.GameServer - Buff Scan complete!
03:05:51,329 - [9] - INFO  - Game.Server.GameServer - Buff all 0 players in 0ms
03:06:51,025 - [9] - INFO  - Game.Server.GameServer - Begin ping check....
03:06:51,025 - [9] - INFO  - Game.Server.GameServer - End ping check....
03:06:51,025 - [9] - INFO  - Game.Server.GameServer - Begin ping center check....
03:06:51,025 - [9] - INFO  - Game.Server.GameServer - End ping center check....
03:06:51,337 - [9] - INFO  - Game.Server.GameServer - Buff Scaning ...
03:06:51,337 - [9] - INFO  - Game.Server.GameServer - Buff Scan complete!
03:06:51,337 - [9] - INFO  - Game.Server.GameServer - Buff all 0 players in 0ms
03:07:51,338 - [9] - INFO  - Game.Server.GameServer - Buff Scaning ...
03:07:51,338 - [9] - INFO  - Game.Server.GameServer - Buff Scan complete!
03:07:51,338 - [9] - INFO  - Game.Server.GameServer - Buff all 0 players in 0ms
03:08:51,349 - [9] - INFO  - Game.Server.GameServer - Buff Scaning ...
03:08:51,349 - [9] - INFO  - Game.Server.GameServer - Buff Scan complete!
03:08:51,349 - [9] - INFO  - Game.Server.GameServer - Buff all 0 players in 0ms
03:09:51,027 - [8] - INFO  - Game.Server.GameServer - Begin ping check....
03:09:51,027 - [8] - INFO  - Game.Server.GameServer - End ping check....
03:09:51,028 - [8] - INFO  - Game.Server.GameServer - Begin ping center check....
03:09:51,028 - [8] - INFO  - Game.Server.GameServer - End ping center check....
03:09:51,372 - [9] - INFO  - Game.Server.GameServer - Buff Scaning ...
03:09:51,372 - [9] - INFO  - Game.Server.GameServer - Buff Scan complete!
03:09:51,372 - [9] - INFO  - Game.Server.GameServer - Buff all 0 players in 0ms
03:10:51,048 - [9] - INFO  - Game.Server.GameServer - Saving Record...
03:10:51,048 - [9] - INFO  - Game.Server.GameServer - Saving Record complete!
03:10:51,376 - [9] - INFO  - Game.Server.GameServer - Buff Scaning ...
03:10:51,376 - [9] - INFO  - Game.Server.GameServer - Buff Scan complete!
03:10:51,376 - [9] - INFO  - Game.Server.GameServer - Buff all 0 players in 0ms
03:11:51,382 - [8] - INFO  - Game.Server.GameServer - Buff Scaning ...
03:11:51,382 - [8] - INFO  - Game.Server.GameServer - Buff Scan complete!
03:11:51,382 - [8] - INFO  - Game.Server.GameServer - Buff all 0 players in 0ms
03:12:51,022 - [8] - INFO  - Game.Server.GameServer - Begin ping check....
03:12:51,022 - [8] - INFO  - Game.Server.GameServer - End ping check....
03:12:51,022 - [8] - INFO  - Game.Server.GameServer - Begin ping center check....
03:12:51,022 - [8] - INFO  - Game.Server.GameServer - End ping center check....
03:12:51,397 - [8] - INFO  - Game.Server.GameServer - Buff Scaning ...
03:12:51,397 - [8] - INFO  - Game.Server.GameServer - Buff Scan complete!
03:12:51,397 - [8] - INFO  - Game.Server.GameServer - Buff all 0 players in 0ms
03:13:51,400 - [8] - INFO  - Game.Server.GameServer - Buff Scaning ...
03:13:51,400 - [8] - INFO  - Game.Server.GameServer - Buff Scan complete!
03:13:51,400 - [8] - INFO  - Game.Server.GameServer - Buff all 0 players in 0ms
03:14:51,406 - [8] - INFO  - Game.Server.GameServer - Buff Scaning ...
03:14:51,406 - [8] - INFO  - Game.Server.GameServer - Buff Scan complete!
03:14:51,406 - [8] - INFO  - Game.Server.GameServer - Buff all 0 players in 0ms
03:15:50,941 - [8] - INFO  - Game.Server.GameServer - Saving database...
03:15:50,941 - [8] - INFO  - Game.Server.GameServer - Saving database complete!
03:15:50,941 - [8] - INFO  - Game.Server.GameServer - Saved all databases and 0 players in 0ms
03:15:51,020 - [8] - INFO  - Game.Server.GameServer - Begin ping check....
03:15:51,020 - [8] - INFO  - Game.Server.GameServer - End ping check....
03:15:51,020 - [8] - INFO  - Game.Server.GameServer - Begin ping center check....
03:15:51,020 - [8] - INFO  - Game.Server.GameServer - End ping center check....
03:15:51,051 - [9] - INFO  - Game.Server.GameServer - Saving Record...
03:15:51,051 - [9] - INFO  - Game.Server.GameServer - Saving Record complete!
03:15:51,395 - [8] - INFO  - Game.Server.GameServer - Buff Scaning ...
03:15:51,395 - [8] - INFO  - Game.Server.GameServer - Buff Scan complete!
03:15:51,395 - [8] - INFO  - Game.Server.GameServer - Buff all 0 players in 0ms
03:16:51,413 - [9] - INFO  - Game.Server.GameServer - Buff Scaning ...
03:16:51,413 - [9] - INFO  - Game.Server.GameServer - Buff Scan complete!
03:16:51,413 - [9] - INFO  - Game.Server.GameServer - Buff all 0 players in 0ms
03:17:51,431 - [9] - INFO  - Game.Server.GameServer - Buff Scaning ...
03:17:51,431 - [9] - INFO  - Game.Server.GameServer - Buff Scan complete!
03:17:51,431 - [9] - INFO  - Game.Server.GameServer - Buff all 0 players in 0ms
03:18:51,022 - [9] - INFO  - Game.Server.GameServer - Begin ping check....
03:18:51,022 - [9] - INFO  - Game.Server.GameServer - End ping check....
03:18:51,022 - [9] - INFO  - Game.Server.GameServer - Begin ping center check....
03:18:51,022 - [9] - INFO  - Game.Server.GameServer - End ping center check....
03:18:51,444 - [8] - INFO  - Game.Server.GameServer - Buff Scaning ...
03:18:51,444 - [8] - INFO  - Game.Server.GameServer - Buff Scan complete!
03:18:51,444 - [8] - INFO  - Game.Server.GameServer - Buff all 0 players in 0ms
03:19:51,447 - [8] - INFO  - Game.Server.GameServer - Buff Scaning ...
03:19:51,447 - [8] - INFO  - Game.Server.GameServer - Buff Scan complete!
03:19:51,447 - [8] - INFO  - Game.Server.GameServer - Buff all 0 players in 0ms
03:20:51,078 - [8] - INFO  - Game.Server.GameServer - Saving Record...
03:20:51,078 - [8] - INFO  - Game.Server.GameServer - Saving Record complete!
03:20:51,468 - [9] - INFO  - Game.Server.GameServer - Buff Scaning ...
03:20:51,468 - [9] - INFO  - Game.Server.GameServer - Buff Scan complete!
03:20:51,468 - [9] - INFO  - Game.Server.GameServer - Buff all 0 players in 0ms
03:21:51,033 - [9] - INFO  - Game.Server.GameServer - Begin ping check....
03:21:51,033 - [9] - INFO  - Game.Server.GameServer - End ping check....
03:21:51,033 - [9] - INFO  - Game.Server.GameServer - Begin ping center check....
03:21:51,033 - [9] - INFO  - Game.Server.GameServer - End ping center check....
03:21:51,486 - [9] - INFO  - Game.Server.GameServer - Buff Scaning ...
03:21:51,486 - [9] - INFO  - Game.Server.GameServer - Buff Scan complete!
03:21:51,486 - [9] - INFO  - Game.Server.GameServer - Buff all 0 players in 0ms
03:22:51,497 - [9] - INFO  - Game.Server.GameServer - Buff Scaning ...
03:22:51,497 - [9] - INFO  - Game.Server.GameServer - Buff Scan complete!
03:22:51,497 - [9] - INFO  - Game.Server.GameServer - Buff all 0 players in 0ms
03:23:51,499 - [8] - INFO  - Game.Server.GameServer - Buff Scaning ...
03:23:51,499 - [8] - INFO  - Game.Server.GameServer - Buff Scan complete!
03:23:51,499 - [8] - INFO  - Game.Server.GameServer - Buff all 0 players in 0ms
03:24:51,022 - [9] - INFO  - Game.Server.GameServer - Begin ping check....
03:24:51,022 - [9] - INFO  - Game.Server.GameServer - End ping check....
03:24:51,022 - [9] - INFO  - Game.Server.GameServer - Begin ping center check....
03:24:51,022 - [9] - INFO  - Game.Server.GameServer - End ping center check....
03:24:51,506 - [9] - INFO  - Game.Server.GameServer - Buff Scaning ...
03:24:51,506 - [9] - INFO  - Game.Server.GameServer - Buff Scan complete!
03:24:51,506 - [9] - INFO  - Game.Server.GameServer - Buff all 0 players in 0ms
03:25:50,948 - [9] - INFO  - Game.Server.GameServer - Saving database...
03:25:50,948 - [9] - INFO  - Game.Server.GameServer - Saving database complete!
03:25:50,948 - [9] - INFO  - Game.Server.GameServer - Saved all databases and 0 players in 0ms
03:25:51,088 - [8] - INFO  - Game.Server.GameServer - Saving Record...
03:25:51,088 - [8] - INFO  - Game.Server.GameServer - Saving Record complete!
03:25:51,526 - [9] - INFO  - Game.Server.GameServer - Buff Scaning ...
03:25:51,526 - [9] - INFO  - Game.Server.GameServer - Buff Scan complete!
03:25:51,526 - [9] - INFO  - Game.Server.GameServer - Buff all 0 players in 0ms
03:26:51,523 - [9] - INFO  - Game.Server.GameServer - Buff Scaning ...
03:26:51,523 - [9] - INFO  - Game.Server.GameServer - Buff Scan complete!
03:26:51,523 - [9] - INFO  - Game.Server.GameServer - Buff all 0 players in 0ms
03:27:51,030 - [9] - INFO  - Game.Server.GameServer - Begin ping check....
03:27:51,030 - [9] - INFO  - Game.Server.GameServer - End ping check....
03:27:51,030 - [9] - INFO  - Game.Server.GameServer - Begin ping center check....
03:27:51,030 - [9] - INFO  - Game.Server.GameServer - End ping center check....
03:27:51,546 - [8] - INFO  - Game.Server.GameServer - Buff Scaning ...
03:27:51,546 - [8] - INFO  - Game.Server.GameServer - Buff Scan complete!
03:27:51,546 - [8] - INFO  - Game.Server.GameServer - Buff all 0 players in 0ms
03:28:51,537 - [9] - INFO  - Game.Server.GameServer - Buff Scaning ...
03:28:51,537 - [9] - INFO  - Game.Server.GameServer - Buff Scan complete!
03:28:51,538 - [9] - INFO  - Game.Server.GameServer - Buff all 0 players in 0ms
03:29:51,552 - [8] - INFO  - Game.Server.GameServer - Buff Scaning ...
03:29:51,552 - [8] - INFO  - Game.Server.GameServer - Buff Scan complete!
03:29:51,552 - [8] - INFO  - Game.Server.GameServer - Buff all 0 players in 0ms
03:30:51,019 - [8] - INFO  - Game.Server.GameServer - Begin ping check....
03:30:51,019 - [8] - INFO  - Game.Server.GameServer - End ping check....
03:30:51,019 - [8] - INFO  - Game.Server.GameServer - Begin ping center check....
03:30:51,019 - [8] - INFO  - Game.Server.GameServer - End ping center check....
03:30:51,097 - [9] - INFO  - Game.Server.GameServer - Saving Record...
03:30:51,097 - [9] - INFO  - Game.Server.GameServer - Saving Record complete!
03:30:51,557 - [8] - INFO  - Game.Server.GameServer - Buff Scaning ...
03:30:51,557 - [8] - INFO  - Game.Server.GameServer - Buff Scan complete!
03:30:51,557 - [8] - INFO  - Game.Server.GameServer - Buff all 0 players in 0ms
03:31:51,566 - [9] - INFO  - Game.Server.GameServer - Buff Scaning ...
03:31:51,566 - [9] - INFO  - Game.Server.GameServer - Buff Scan complete!
03:31:51,566 - [9] - INFO  - Game.Server.GameServer - Buff all 0 players in 0ms
03:32:51,565 - [8] - INFO  - Game.Server.GameServer - Buff Scaning ...
03:32:51,565 - [8] - INFO  - Game.Server.GameServer - Buff Scan complete!
03:32:51,565 - [8] - INFO  - Game.Server.GameServer - Buff all 0 players in 0ms
03:33:51,025 - [8] - INFO  - Game.Server.GameServer - Begin ping check....
03:33:51,025 - [8] - INFO  - Game.Server.GameServer - End ping check....
03:33:51,025 - [8] - INFO  - Game.Server.GameServer - Begin ping center check....
03:33:51,025 - [8] - INFO  - Game.Server.GameServer - End ping center check....
03:33:51,588 - [9] - INFO  - Game.Server.GameServer - Buff Scaning ...
03:33:51,588 - [9] - INFO  - Game.Server.GameServer - Buff Scan complete!
03:33:51,588 - [9] - INFO  - Game.Server.GameServer - Buff all 0 players in 0ms
03:34:51,595 - [8] - INFO  - Game.Server.GameServer - Buff Scaning ...
03:34:51,595 - [8] - INFO  - Game.Server.GameServer - Buff Scan complete!
03:34:51,595 - [8] - INFO  - Game.Server.GameServer - Buff all 0 players in 0ms
03:35:50,962 - [8] - INFO  - Game.Server.GameServer - Saving database...
03:35:50,962 - [8] - INFO  - Game.Server.GameServer - Saving database complete!
03:35:50,962 - [8] - INFO  - Game.Server.GameServer - Saved all databases and 0 players in 0ms
03:35:51,118 - [9] - INFO  - Game.Server.GameServer - Saving Record...
03:35:51,118 - [9] - INFO  - Game.Server.GameServer - Saving Record complete!
03:35:51,587 - [9] - INFO  - Game.Server.GameServer - Buff Scaning ...
03:35:51,587 - [9] - INFO  - Game.Server.GameServer - Buff Scan complete!
03:35:51,587 - [9] - INFO  - Game.Server.GameServer - Buff all 0 players in 0ms
03:36:02,690 - [4] - INFO  - Game.Base.BaseServer - Incoming connection from 125.235.238.51:17588
03:36:02,783 - [4] - INFO  - Game.Base.BaseClient - Disconnecting client (125.235.238.51:17588), received bytes=0
03:36:02,893 - [4] - INFO  - Game.Base.BaseServer - Incoming connection from 125.235.238.51:52937
03:36:03,409 - [4] - ERROR - Game.Base.Packets.StreamProcessor - HandlePacket(pak)
System.NullReferenceException: Object reference not set to an instance of an object.
   at Game.Base.Packets.PacketProcessor.HandlePacket(GSPacketIn packet)
   at Game.Server.GameClient.OnRecvPacket(GSPacketIn pkg)
   at Game.Base.Packets.StreamProcessor.ReceiveBytes(Int32 numBytes)
03:36:51,028 - [8] - INFO  - Game.Server.GameServer - Begin ping check....
03:36:51,028 - [8] - INFO  - Game.Server.GameServer - End ping check....
03:36:51,028 - [8] - INFO  - Game.Server.GameServer - Begin ping center check....
03:36:51,028 - [8] - INFO  - Game.Server.GameServer - End ping center check....
03:36:51,596 - [9] - INFO  - Game.Server.GameServer - Buff Scaning ...
03:36:51,596 - [9] - INFO  - Game.Server.GameServer - Buff Scan complete!
03:36:51,596 - [9] - INFO  - Game.Server.GameServer - Buff all 1 players in 0ms
03:37:03,022 - [4] - INFO  - Game.Base.BaseClient - Disconnecting client (125.235.238.51:52937), received bytes=0
03:37:51,610 - [8] - INFO  - Game.Server.GameServer - Buff Scaning ...
03:37:51,610 - [8] - INFO  - Game.Server.GameServer - Buff Scan complete!
03:37:51,610 - [8] - INFO  - Game.Server.GameServer - Buff all 0 players in 0ms
03:38:51,617 - [8] - INFO  - Game.Server.GameServer - Buff Scaning ...
03:38:51,617 - [8] - INFO  - Game.Server.GameServer - Buff Scan complete!
03:38:51,617 - [8] - INFO  - Game.Server.GameServer - Buff all 0 players in 0ms
03:39:51,036 - [9] - INFO  - Game.Server.GameServer - Begin ping check....
03:39:51,036 - [9] - INFO  - Game.Server.GameServer - End ping check....
03:39:51,036 - [9] - INFO  - Game.Server.GameServer - Begin ping center check....
03:39:51,036 - [9] - INFO  - Game.Server.GameServer - End ping center check....
03:39:51,616 - [9] - INFO  - Game.Server.GameServer - Buff Scaning ...
03:39:51,616 - [9] - INFO  - Game.Server.GameServer - Buff Scan complete!
03:39:51,616 - [9] - INFO  - Game.Server.GameServer - Buff all 0 players in 0ms
03:40:51,114 - [9] - INFO  - Game.Server.GameServer - Saving Record...
03:40:51,114 - [9] - INFO  - Game.Server.GameServer - Saving Record complete!
03:40:51,630 - [8] - INFO  - Game.Server.GameServer - Buff Scaning ...
03:40:51,630 - [8] - INFO  - Game.Server.GameServer - Buff Scan complete!
03:40:51,630 - [8] - INFO  - Game.Server.GameServer - Buff all 0 players in 0ms
03:41:51,634 - [8] - INFO  - Game.Server.GameServer - Buff Scaning ...
03:41:51,634 - [8] - INFO  - Game.Server.GameServer - Buff Scan complete!
03:41:51,634 - [8] - INFO  - Game.Server.GameServer - Buff all 0 players in 0ms
03:42:51,047 - [9] - INFO  - Game.Server.GameServer - Begin ping check....
03:42:51,047 - [9] - INFO  - Game.Server.GameServer - End ping check....
03:42:51,047 - [9] - INFO  - Game.Server.GameServer - Begin ping center check....
03:42:51,047 - [9] - INFO  - Game.Server.GameServer - End ping center check....
03:42:51,652 - [8] - INFO  - Game.Server.GameServer - Buff Scaning ...
03:42:51,652 - [8] - INFO  - Game.Server.GameServer - Buff Scan complete!
03:42:51,652 - [8] - INFO  - Game.Server.GameServer - Buff all 0 players in 0ms
03:43:51,654 - [8] - INFO  - Game.Server.GameServer - Buff Scaning ...
03:43:51,654 - [8] - INFO  - Game.Server.GameServer - Buff Scan complete!
03:43:51,654 - [8] - INFO  - Game.Server.GameServer - Buff all 0 players in 0ms
03:44:51,659 - [9] - INFO  - Game.Server.GameServer - Buff Scaning ...
03:44:51,659 - [9] - INFO  - Game.Server.GameServer - Buff Scan complete!
03:44:51,659 - [9] - INFO  - Game.Server.GameServer - Buff all 0 players in 0ms
03:45:07,876 - [4] - INFO  - Game.Base.BaseServer - Incoming connection from 184.169.232.33:46410
03:45:19,233 - [4] - INFO  - Game.Base.BaseClient - Disconnecting client (184.169.232.33:46410), received bytes=0
03:45:19,452 - [4] - INFO  - Game.Base.BaseServer - Incoming connection from 184.169.232.33:58558
03:45:31,291 - [4] - INFO  - Game.Base.BaseClient - Disconnecting client (184.169.232.33:58558), received bytes=0
03:45:31,556 - [4] - INFO  - Game.Base.BaseServer - Incoming connection from 184.169.232.33:41226
03:45:46,681 - [4] - INFO  - Game.Base.BaseClient - Disconnecting client (184.169.232.33:41226), received bytes=0
03:45:46,962 - [4] - INFO  - Game.Base.BaseServer - Incoming connection from 184.169.232.33:55802
03:45:50,966 - [9] - INFO  - Game.Server.GameServer - Saving database...
03:45:50,966 - [9] - INFO  - Game.Server.GameServer - Saving database complete!
03:45:50,966 - [9] - INFO  - Game.Server.GameServer - Saved all databases and 0 players in 0ms
03:45:51,060 - [9] - INFO  - Game.Server.GameServer - Begin ping check....
03:45:51,060 - [9] - INFO  - Game.Server.GameServer - End ping check....
03:45:51,060 - [9] - INFO  - Game.Server.GameServer - Begin ping center check....
03:45:51,060 - [9] - INFO  - Game.Server.GameServer - End ping center check....
03:45:51,122 - [8] - INFO  - Game.Server.GameServer - Saving Record...
03:45:51,122 - [8] - INFO  - Game.Server.GameServer - Saving Record complete!
03:45:51,669 - [8] - INFO  - Game.Server.GameServer - Buff Scaning ...
03:45:51,669 - [8] - INFO  - Game.Server.GameServer - Buff Scan complete!
03:45:51,669 - [8] - INFO  - Game.Server.GameServer - Buff all 0 players in 0ms
03:45:57,230 - [4] - INFO  - Game.Base.BaseClient - Disconnecting client (184.169.232.33:55802), received bytes=0
03:46:51,678 - [8] - INFO  - Game.Server.GameServer - Buff Scaning ...
03:46:51,678 - [8] - INFO  - Game.Server.GameServer - Buff Scan complete!
03:46:51,678 - [8] - INFO  - Game.Server.GameServer - Buff all 0 players in 0ms
03:47:51,696 - [9] - INFO  - Game.Server.GameServer - Buff Scaning ...
03:47:51,696 - [9] - INFO  - Game.Server.GameServer - Buff Scan complete!
03:47:51,696 - [9] - INFO  - Game.Server.GameServer - Buff all 0 players in 0ms
03:48:51,056 - [9] - INFO  - Game.Server.GameServer - Begin ping check....
03:48:51,056 - [9] - INFO  - Game.Server.GameServer - End ping check....
03:48:51,056 - [9] - INFO  - Game.Server.GameServer - Begin ping center check....
03:48:51,056 - [9] - INFO  - Game.Server.GameServer - End ping center check....
03:48:51,696 - 04:01:49,963 - [MAIN] - INFO  - Bussiness.GameProperties - Refreshing game properties!
04:01:50,276 - [MAIN] - INFO  - Game.Server.GameServer - Recompile Scripts: True
04:01:50,276 - [MAIN] - INFO  - Game.Server.GameServer - Server rules: true
04:01:50,307 - [MAIN] - INFO  - Game.Server.GameServer - Registering global event handlers: true
04:01:50,307 - [MAIN] - INFO  - Game.Server.GameServer - Script components: True
04:01:50,307 - [MAIN] - INFO  - Game.Server.GameServer - Edition:21000: True
04:01:50,323 - [MAIN] - INFO  - Game.Server.GameServer - InitSocket Port:9200: True
04:01:50,338 - [MAIN] - INFO  - Game.Server.GameServer - AllocatePacketBuffers(): True
04:01:50,338 - [MAIN] - INFO  - Game.Server.GameServer - LogMgr Init: True
04:01:50,354 - [MAIN] - INFO  - Game.Server.GameServer - WorldMgr Init: True
04:01:50,463 - [MAIN] - INFO  - Game.Server.GameServer - MapMgr Init: True
04:01:50,526 - [MAIN] - INFO  - Game.Server.GameServer - ItemMgr Init: True
04:01:50,541 - [MAIN] - INFO  - Game.Server.GameServer - ItemBox Init: True
04:01:50,588 - [MAIN] - INFO  - Game.Server.GameServer - BallMgr Init: True
04:01:50,588 - [MAIN] - INFO  - Game.Server.GameServer - BallConfigMgr Init: True
04:01:50,588 - [MAIN] - INFO  - Game.Server.GameServer - FusionMgr Init: True
04:01:50,604 - [MAIN] - INFO  - Game.Server.GameServer - AwardMgr Init: True
04:01:50,620 - [MAIN] - INFO  - Game.Server.GameServer - NPCInfoMgr Init: True
04:01:50,620 - [MAIN] - INFO  - Game.Server.GameServer - MissionInfoMgr Init: True
04:01:50,635 - [MAIN] - INFO  - Game.Server.GameServer - PveInfoMgr Init: True
04:01:50,635 - [MAIN] - INFO  - Game.Server.GameServer - Drop Init: True
04:01:50,651 - [MAIN] - INFO  - Game.Server.GameServer - FightRateMgr Init: True
04:01:50,651 - [MAIN] - INFO  - Game.Server.GameServer - ConsortiaLevelMgr Init: True
04:01:50,666 - [MAIN] - INFO  - Game.Server.GameServer - RefineryMgr Init: True
04:01:50,666 - [MAIN] - INFO  - Game.Server.GameServer - StrengthenMgr Init: True
04:01:50,682 - [MAIN] - INFO  - Game.Server.GameServer - PropItemMgr Init: True
04:01:50,760 - [MAIN] - INFO  - Game.Server.GameServer - ShopMgr Init: True
04:01:50,807 - [MAIN] - INFO  - Game.Server.GameServer - QuestMgr Init: True
04:01:50,823 - [MAIN] - INFO  - Game.Server.GameServer - RoomMgr.Setup: True
04:01:50,823 - [MAIN] - INFO  - Game.Server.GameServer - GameMgr.Start(): True
04:01:50,823 - [MAIN] - INFO  - Game.Server.GameServer - ConsortiaMgr Init: True
04:01:50,823 - [MAIN] - INFO  - Game.Server.GameServer - LanguageMgr Init: True
04:01:50,838 - [MAIN] - INFO  - Game.Server.GameServer - ExperienceRateMgr Init: True
04:01:50,838 - [MAIN] - INFO  - Game.Server.GameServer - MacroDropMgr Init: True
04:01:50,838 - [MAIN] - INFO  - Game.Server.Battle.BattleMgr - Battle server 20.89.18.200:9208 loaded...
04:01:50,854 - [MAIN] - INFO  - Game.Server.Battle.BattleMgr - Total 1 battle server loaded.
04:01:50,854 - [MAIN] - INFO  - Game.Server.GameServer - BattleMgr Setup: True
04:01:50,854 - [MAIN] - INFO  - Game.Server.GameServer - Init Global Timers: True
04:01:50,870 - [MAIN] - INFO  - Game.Server.GameServer - MarryRoomMgr Init: True
04:01:50,870 - [MAIN] - INFO  - Game.Server.GameServer - LogMgr Setup: True
04:01:50,901 - [MAIN] - INFO  - Game.Base.Packets.PacketProcessor - PacketProcessor: Loaded 156 handlers from GameServer Assembly!
04:01:50,916 - [MAIN] - INFO  - Game.Base.CommandMgr - Loaded 7 commands!
04:01:50,932 - [MAIN] - INFO  - Game.Logic.Spells.SpellMgr - SpellMgr: Loaded 15 spell handlers from GameServer Assembly!
04:01:50,932 - [MAIN] - INFO  - Game.Base.BaseConnector - Connected to 10.0.10.7:9202
04:01:50,932 - [MAIN] - INFO  - Game.Server.GameServer - Login To CenterServer: True
04:01:50,979 - [MAIN] - INFO  - Game.Base.BaseConnector - Connected to 20.89.18.200:9208
04:01:51,010 - [MAIN] - INFO  - Game.Server.GameServer - base.Start(): True
04:01:51,026 - [MAIN] - INFO  - Game.Server.GameServer - GameServer is now open for connections!
04:02:50,860 - [8] - INFO  - Game.Server.GameServe05:14:36,009 - [MAIN] - INFO  - Bussiness.GameProperties - Refreshing game properties!
05:14:36,353 - [MAIN] - INFO  - Game.Server.GameServer - Recompile Scripts: True
05:14:36,353 - [MAIN] - INFO  - Game.Server.GameServer - Server rules: true
05:14:36,384 - [MAIN] - INFO  - Game.Server.GameServer - Registering global event handlers: true
05:14:36,384 - [MAIN] - INFO  - Game.Server.GameServer - Script components: True
05:14:36,384 - [MAIN] - INFO  - Game.Server.GameServer - Edition:21000: True
05:14:36,384 - [MAIN] - INFO  - Game.Server.GameServer - InitSocket Port:9200: True
05:14:36,431 - [MAIN] - INFO  - Game.Server.GameServer - AllocatePacketBuffers(): True
05:14:36,446 - [MAIN] - INFO  - Game.Server.GameServer - LogMgr Init: True
05:14:36,446 - [MAIN] - INFO  - Game.Server.GameServer - WorldMgr Init: True
05:14:36,634 - [MAIN] - INFO  - Game.Server.GameServer - MapMgr Init: True
05:14:36,696 - [MAIN] - INFO  - Game.Server.GameServer - ItemMgr Init: True
05:14:36,728 - [MAIN] - INFO  - Game.Server.GameServer - ItemBox Init: True
05:14:36,759 - [MAIN] - INFO  - Game.Server.GameServer - BallMgr Init: True
05:14:36,775 - [MAIN] - INFO  - Game.Server.GameServer - BallConfigMgr Init: True
05:14:36,775 - [MAIN] - INFO  - Game.Server.GameServer - FusionMgr Init: True
05:14:36,790 - [MAIN] - INFO  - Game.Server.GameServer - AwardMgr Init: True
05:14:36,790 - [MAIN] - INFO  - Game.Server.GameServer - NPCInfoMgr Init: True
05:14:36,806 - [MAIN] - INFO  - Game.Server.GameServer - MissionInfoMgr Init: True
05:14:36,821 - [MAIN] - INFO  - Game.Server.GameServer - PveInfoMgr Init: True
05:14:36,821 - [MAIN] - INFO  - Game.Server.GameServer - Drop Init: True
05:14:36,837 - [MAIN] - INFO  - Game.Server.GameServer - FightRateMgr Init: True
05:14:36,837 - [MAIN] - INFO  - Game.Server.GameServer - ConsortiaLevelMgr Init: True
05:14:36,853 - [MAIN] - INFO  - Game.Server.GameServer - RefineryMgr Init: True
05:14:36,853 - [MAIN] - INFO  - Game.Server.GameServer - StrengthenMgr Init: True
05:14:36,868 - [MAIN] - INFO  - Game.Server.GameServer - PropItemMgr Init: True
05:14:36,947 - [MAIN] - INFO  - Game.Server.GameServer - ShopMgr Init: True
05:14:36,993 - [MAIN] - INFO  - Game.Server.GameServer - QuestMgr Init: True
05:14:36,993 - [MAIN] - INFO  - Game.Server.GameServer - RoomMgr.Setup: True
05:14:36,993 - [MAIN] - INFO  - Game.Server.GameServer - GameMgr.Start(): True
05:14:36,993 - [MAIN] - INFO  - Game.Server.GameServer - ConsortiaMgr Init: True
05:14:37,009 - [MAIN] - INFO  - Game.Server.GameServer - LanguageMgr Init: True
05:14:37,009 - [MAIN] - INFO  - Game.Server.GameServer - ExperienceRateMgr Init: True
05:14:37,009 - [MAIN] - INFO  - Game.Server.GameServer - MacroDropMgr Init: True
05:14:37,025 - [MAIN] - INFO  - Game.Server.Battle.BattleMgr - Battle server 20.89.18.200:9208 loaded...
05:14:37,025 - [MAIN] - INFO  - Game.Server.Battle.BattleMgr - Total 1 battle server loaded.
05:14:37,025 - [MAIN] - INFO  - Game.Server.GameServer - BattleMgr Setup: True
05:14:37,025 - [MAIN] - INFO  - Game.Server.GameServer - Init Global Timers: True
05:14:37,040 - [MAIN] - INFO  - Game.Server.GameServer - MarryRoomMgr Init: True
05:14:37,040 - [MAIN] - INFO  - Game.Server.GameServer - LogMgr Setup: True
05:14:37,087 - [MAIN] - INFO  - Game.Base.Packets.PacketProcessor - PacketProcessor: Loaded 156 handlers from GameServer Assembly!
05:14:37,087 - [MAIN] - INFO  - Game.Base.CommandMgr - Loaded 7 commands!
05:14:37,103 - [MAIN] - INFO  - Game.Logic.Spells.SpellMgr - SpellMgr: Loaded 15 spell handlers from GameServer Assembly!
05:14:37,103 - [MAIN] - INFO  - Game.Base.BaseConnector - Connected to 10.0.10.7:9202
05:14:37,103 - [MAIN] - INFO  - Game.Server.GameServer - Login To CenterServer: True
05:14:37,150 - [MAIN] - INFO  - Game.Base.BaseConnector - Connected to 20.89.18.200:9208
05:14:37,165 - [MAIN] - INFO  - Game.Server.GameServer - base.Start(): True
05:14:37,181 - [MAIN] - INFO  - Game.Server.GameServer - GameServer is now open for connections!
05:15:02,256 - [4] - INFO  - Game.Base.BaseServer 